Using pre-set license
Built from '2021.3/staging' branch; Version is '2021.3.45f1 (0da89fac8e79) revision 895135'; Using compiler version '192829333'; Build Type 'Release'
OS: 'Windows 11  (10.0.26100) 64bit Professional' Language: 'ru' Physical Memory: 15611 MB
BatchMode: 1, IsHumanControllingUs: 0, StartBugReporterOnCrash: 0, Is64bit: 1, IsPro: 1

COMMAND LINE ARGUMENTS:
C:\Program Files\Unity\Hub\Editor\2021.3.45f1\Editor\Unity.exe
-adb2
-batchMode
-noUpm
-name
AssetImportWorker1
-projectPath
C:/Users/Alish/Desktop/Hidee-Game-Project/Hidee
-logFile
Logs/AssetImportWorker1.log
-srvPort
50848
Successfully changed project path to: C:/Users/Alish/Desktop/Hidee-Game-Project/Hidee
C:/Users/Alish/Desktop/Hidee-Game-Project/Hidee
[UnityMemory] Configuration Parameters - Can be set up in boot.config
    "memorysetup-bucket-allocator-granularity=16"
    "memorysetup-bucket-allocator-bucket-count=8"
    "memorysetup-bucket-allocator-block-size=33554432"
    "memorysetup-bucket-allocator-block-count=8"
    "memorysetup-main-allocator-block-size=16777216"
    "memorysetup-thread-allocator-block-size=16777216"
    "memorysetup-gfx-main-allocator-block-size=16777216"
    "memorysetup-gfx-thread-allocator-block-size=16777216"
    "memorysetup-cache-allocator-block-size=4194304"
    "memorysetup-typetree-allocator-block-size=2097152"
    "memorysetup-profiler-bucket-allocator-granularity=16"
    "memorysetup-profiler-bucket-allocator-bucket-count=8"
    "memorysetup-profiler-bucket-allocator-block-size=33554432"
    "memorysetup-profiler-bucket-allocator-block-count=8"
    "memorysetup-profiler-allocator-block-size=16777216"
    "memorysetup-profiler-editor-allocator-block-size=1048576"
    "memorysetup-temp-allocator-size-main=16777216"
    "memorysetup-job-temp-allocator-block-size=2097152"
    "memorysetup-job-temp-allocator-block-size-background=1048576"
    "memorysetup-job-temp-allocator-reduction-small-platforms=262144"
    "memorysetup-temp-allocator-size-background-worker=32768"
    "memorysetup-temp-allocator-size-job-worker=262144"
    "memorysetup-temp-allocator-size-preload-manager=33554432"
    "memorysetup-temp-allocator-size-nav-mesh-worker=65536"
    "memorysetup-temp-allocator-size-audio-worker=65536"
    "memorysetup-temp-allocator-size-cloud-worker=32768"
    "memorysetup-temp-allocator-size-gi-baking-worker=262144"
    "memorysetup-temp-allocator-size-gfx=262144"
Player connection [29364] Host "[IP] 192.168.2.124 [Port] 0 [Flags] 2 [Guid] 2851317320 [EditorId] 2851317320 [Version] 1048832 [Id] WindowsEditor(7,DESKTOP-OAET0P7) [Debug] 1 [PackageName] WindowsEditor [ProjectName] Editor" joined multi-casting on [225.0.0.222:54997]...

Player connection [29364] Host "[IP] 192.168.2.124 [Port] 0 [Flags] 2 [Guid] 2851317320 [EditorId] 2851317320 [Version] 1048832 [Id] WindowsEditor(7,DESKTOP-OAET0P7) [Debug] 1 [PackageName] WindowsEditor [ProjectName] Editor" joined alternative multi-casting on [225.0.0.222:34997]...

[Physics::Module] Initialized MultithreadedJobDispatcher with {0} workers.
Refreshing native plugins compatible for Editor in 68.67 ms, found 3 plugins.
Preloading 0 native plugins for Editor in 0.00 ms.
Initialize engine version: 2021.3.45f1 (0da89fac8e79)
[Subsystems] Discovering subsystems at path C:/Program Files/Unity/Hub/Editor/2021.3.45f1/Editor/Data/Resources/UnitySubsystems
[Subsystems] Discovering subsystems at path C:/Users/Alish/Desktop/Hidee-Game-Project/Hidee/Assets
GfxDevice: creating device client; threaded=0; jobified=0
Direct3D:
    Version:  Direct3D 11.0 [level 11.1]
    Renderer: NVIDIA GeForce RTX 4060 Laptop GPU (ID=0x28e0)
    Vendor:   NVIDIA
    VRAM:     7957 MB
    Driver:   32.0.15.6626
Initialize mono
Mono path[0] = 'C:/Program Files/Unity/Hub/Editor/2021.3.45f1/Editor/Data/Managed'
Mono path[1] = 'C:/Program Files/Unity/Hub/Editor/2021.3.45f1/Editor/Data/MonoBleedingEdge/lib/mono/unityjit-win32'
Mono config path = 'C:/Program Files/Unity/Hub/Editor/2021.3.45f1/Editor/Data/MonoBleedingEdge/etc'
Using monoOptions --debugger-agent=transport=dt_socket,embedding=1,server=y,suspend=n,address=127.0.0.1:56488
Begin MonoManager ReloadAssembly
Registering precompiled unity dll's ...
Register platform support module: C:/Program Files/Unity/Hub/Editor/2021.3.45f1/Editor/Data/PlaybackEngines/AndroidPlayer/UnityEditor.Android.Extensions.dll
Register platform support module: C:/Program Files/Unity/Hub/Editor/2021.3.45f1/Editor/Data/PlaybackEngines/WindowsStandaloneSupport/UnityEditor.WindowsStandalone.Extensions.dll
Registered in 0.006993 seconds.
Native extension for WindowsStandalone target not found
Native extension for Android target not found
Android Extension - Scanning For ADB Devices 843 ms
Refreshing native plugins compatible for Editor in 66.71 ms, found 3 plugins.
Preloading 0 native plugins for Editor in 0.00 ms.
Mono: successfully reloaded assembly
- Completed reload, in  1.436 seconds
Domain Reload Profiling:
	ReloadAssembly (1437ms)
		BeginReloadAssembly (91ms)
			ExecutionOrderSort (0ms)
			DisableScriptedObjects (0ms)
			BackupInstance (0ms)
			ReleaseScriptingObjects (0ms)
			CreateAndSetChildDomain (1ms)
		EndReloadAssembly (1251ms)
			LoadAssemblies (88ms)
			RebuildTransferFunctionScriptingTraits (0ms)
			SetupTypeCache (89ms)
			ReleaseScriptCaches (0ms)
			RebuildScriptCaches (25ms)
			SetupLoadedEditorAssemblies (1099ms)
				LogAssemblyErrors (0ms)
				InitializePlatformSupportModulesInManaged (907ms)
				SetLoadedEditorAssemblies (0ms)
				RefreshPlugins (67ms)
				BeforeProcessingInitializeOnLoad (1ms)
				ProcessInitializeOnLoadAttributes (87ms)
				ProcessInitializeOnLoadMethodAttributes (37ms)
				AfterProcessingInitializeOnLoad (0ms)
				EditorAssembliesLoaded (0ms)
			ExecutionOrderSort2 (0ms)
			AwakeInstancesAfterBackupRestoration (0ms)
Platform modules already initialized, skipping
Registering precompiled user dll's ...
Registered in 0.012911 seconds.
Begin MonoManager ReloadAssembly
Native extension for WindowsStandalone target not found
Native extension for Android target not found
Refreshing native plugins compatible for Editor in 86.79 ms, found 3 plugins.
Preloading 0 native plugins for Editor in 0.00 ms.
Package Manager log level set to [2]
[Package Manager] Server::EnsureServerProcessIsRunning -- launch failed, reason: Unity was launched with the -noUpm command-line argument
[Package Manager] Cannot connect to Unity Package Manager local server
Thank you for using Fish-Networking! If you have any feedback—whether it's suggestions, documentation, or performance-related—please let us know through our anonymous <a href=https://forms.gle/1g13VY4KKMnEqpkp6>Google feedback form!</a>
UnityEngine.StackTraceUtility:ExtractStackTrace ()
UnityEngine.DebugLogHandler:LogFormat (UnityEngine.LogType,UnityEngine.Object,string,object[])
UnityEngine.Logger:Log (UnityEngine.LogType,object)
UnityEngine.Debug:Log (object)
FishNet.Editing.FishNetGettingStartedEditor:LogFeedbackLink () (at Assets/FishNet/Runtime/Editor/Configuring/FIshNetGettingStartedEditor.cs:172)
FishNet.Editing.FishNetGettingStartedEditor:Initialize () (at Assets/FishNet/Runtime/Editor/Configuring/FIshNetGettingStartedEditor.cs:62)
System.Reflection.RuntimeMethodInfo:Invoke (object,System.Reflection.BindingFlags,System.Reflection.Binder,object[],System.Globalization.CultureInfo)
System.Reflection.MethodBase:Invoke (object,object[])
UnityEditor.EditorAssemblies:ProcessInitializeOnLoadMethodAttributes ()

(Filename: Assets/FishNet/Runtime/Editor/Configuring/FIshNetGettingStartedEditor.cs Line: 172)

Mono: successfully reloaded assembly
- Completed reload, in  1.789 seconds
Domain Reload Profiling:
	ReloadAssembly (1789ms)
		BeginReloadAssembly (121ms)
			ExecutionOrderSort (0ms)
			DisableScriptedObjects (5ms)
			BackupInstance (0ms)
			ReleaseScriptingObjects (0ms)
			CreateAndSetChildDomain (21ms)
		EndReloadAssembly (1563ms)
			LoadAssemblies (110ms)
			RebuildTransferFunctionScriptingTraits (0ms)
			SetupTypeCache (291ms)
			ReleaseScriptCaches (1ms)
			RebuildScriptCaches (60ms)
			SetupLoadedEditorAssemblies (1082ms)
				LogAssemblyErrors (0ms)
				InitializePlatformSupportModulesInManaged (13ms)
				SetLoadedEditorAssemblies (0ms)
				RefreshPlugins (87ms)
				BeforeProcessingInitializeOnLoad (82ms)
				ProcessInitializeOnLoadAttributes (811ms)
				ProcessInitializeOnLoadMethodAttributes (79ms)
				AfterProcessingInitializeOnLoad (9ms)
				EditorAssembliesLoaded (0ms)
			ExecutionOrderSort2 (0ms)
			AwakeInstancesAfterBackupRestoration (5ms)
Platform modules already initialized, skipping
========================================================================
Worker process is ready to serve import requests
Launched and connected shader compiler UnityShaderCompiler.exe after 0.09 seconds
Refreshing native plugins compatible for Editor in 1.26 ms, found 3 plugins.
Preloading 0 native plugins for Editor in 0.00 ms.
Unloading 5524 Unused Serialized files (Serialized files now loaded: 0)
Unloading 36 unused Assets / (0.7 MB). Loaded Objects now: 5975.
Memory consumption went from 211.2 MB to 210.4 MB.
Total: 4.756900 ms (FindLiveObjects: 0.441000 ms CreateObjectMapping: 0.234300 ms MarkObjects: 3.748200 ms  DeleteObjects: 0.331100 ms)

AssetImportParameters requested are different than current active one (requested -> active):
  custom:video-decoder-ogg-theora: a1e56fd34408186e4bbccfd4996cb3dc -> 
  custom:container-muxer-webm: aa71ff27fc2769a1b78a27578f13a17b -> 
  custom:container-demuxer-webm: 4f35f7cbe854078d1ac9338744f61a02 -> 
  custom:video-encoder-webm-vp8: eb34c28f22e8b96e1ab97ce403110664 -> 
  custom:video-codec-MediaFoundation-h265: 746d11721c4dcdbdad8f713fa42b33f4 -> 
  custom:CustomObjectIndexerAttribute: 6b0e35c9178b02a6363f3721b7b8e397 -> 
  custom:audio-encoder-webm-vorbis: bf7c407c2cedff20999df2af8eb42d56 -> 
  custom:framework-win-MediaFoundation: 216162199b28c13a410421893ffa2e32 -> 
  custom:SearchIndexIgnoredProperties: e643bd26f0fe6173181afceb89e7c659 -> 
  custom:container-demuxer-ogg: 62fdf1f143b41e24485cea50d1cbac27 -> 
  custom:video-decoder-webm-vp8: 9c59270c3fd7afecdb556c50c9e8de78 -> 
  custom:audio-decoder-ogg-vorbis: bf7c407c2cedff20999df2af8eb42d56 -> 
========================================================================
Received Import Request.
  Time since last request: 823.495475 seconds.
  path: Assets/ithappy/Fantasy_FREE/Materials/Material.mat
  artifactKey: Guid(14c9fd1ef92b17541a42ed0c06ff5409) Importer(815301076,1909f56bfc062723c751e8b465ee728b)
Number of updated assets reloaded before import = 0
Start importing Assets/ithappy/Fantasy_FREE/Materials/Material.mat using Guid(14c9fd1ef92b17541a42ed0c06ff5409) Importer(815301076,1909f56bfc062723c751e8b465ee728b)  -> (artifact id: 'ade991e8633c24a14c36f7dc2ce38b1c') in 0.125972 seconds 
Number of asset objects unloaded after import = 2
========================================================================
Received Import Request.
  Time since last request: 227.769258 seconds.
  path: Assets/UniversalRenderPipelineGlobalSettings.asset
  artifactKey: Guid(811fc01e1795d7f429fdc118693f3ad8) Importer(815301076,1909f56bfc062723c751e8b465ee728b)
Number of updated assets reloaded before import = 0
Start importing Assets/UniversalRenderPipelineGlobalSettings.asset using Guid(811fc01e1795d7f429fdc118693f3ad8) Importer(815301076,1909f56bfc062723c751e8b465ee728b)  -> (artifact id: 'e48ba17a02447c4240e80fcf6e960a4e') in 0.010240 seconds 
Number of asset objects unloaded after import = 1
========================================================================
Received Import Request.
  Time since last request: 3.068852 seconds.
  path: Assets/LowPolyMedievalPropsLite/Prefabs/Bag_01.prefab
  artifactKey: Guid(a178e3ddd4a467d4090e2b4a7a5e394f) Importer(815301076,1909f56bfc062723c751e8b465ee728b)
Number of updated assets reloaded before import = 0
Start importing Assets/LowPolyMedievalPropsLite/Prefabs/Bag_01.prefab using Guid(a178e3ddd4a467d4090e2b4a7a5e394f) Importer(815301076,1909f56bfc062723c751e8b465ee728b)  -> (artifact id: '084f2a31bc57abea98e9a3cda792167d') in 0.031519 seconds 
Number of asset objects unloaded after import = 10
========================================================================
Received Import Request.
  Time since last request: 0.000026 seconds.
  path: Assets/LowPolyMedievalPropsLite/Prefabs/Pointer_02.prefab
  artifactKey: Guid(db548dbe1affff14da8f8444cd7a16a8) Importer(815301076,1909f56bfc062723c751e8b465ee728b)
Number of updated assets reloaded before import = 0
Start importing Assets/LowPolyMedievalPropsLite/Prefabs/Pointer_02.prefab using Guid(db548dbe1affff14da8f8444cd7a16a8) Importer(815301076,1909f56bfc062723c751e8b465ee728b)  -> (artifact id: '6413255d61d1475f378ddfe50a2b9988') in 0.014720 seconds 
Number of asset objects unloaded after import = 10
========================================================================
Received Import Request.
  Time since last request: 0.000021 seconds.
  path: Assets/LowPolyMedievalPropsLite/Prefabs/Candle_01.prefab
  artifactKey: Guid(74f1aa9e584aa4842aecf049e25f5339) Importer(815301076,1909f56bfc062723c751e8b465ee728b)
Number of updated assets reloaded before import = 0
Start importing Assets/LowPolyMedievalPropsLite/Prefabs/Candle_01.prefab using Guid(74f1aa9e584aa4842aecf049e25f5339) Importer(815301076,1909f56bfc062723c751e8b465ee728b)  -> (artifact id: '1be68d42988528746202fc8e3b80812c') in 0.014764 seconds 
Number of asset objects unloaded after import = 10
========================================================================
Received Import Request.
  Time since last request: 0.000018 seconds.
  path: Assets/LowPolyMedievalPropsLite/Prefabs/Pointer_03.prefab
  artifactKey: Guid(43a2c776338fcb84ca02d902bbfd0a20) Importer(815301076,1909f56bfc062723c751e8b465ee728b)
Number of updated assets reloaded before import = 0
Start importing Assets/LowPolyMedievalPropsLite/Prefabs/Pointer_03.prefab using Guid(43a2c776338fcb84ca02d902bbfd0a20) Importer(815301076,1909f56bfc062723c751e8b465ee728b)  -> (artifact id: '7c1658a75ef5150a3512ac437c963c51') in 0.015804 seconds 
Number of asset objects unloaded after import = 10
========================================================================
Received Import Request.
  Time since last request: 0.000024 seconds.
  path: Assets/LowPolyMedievalPropsLite/Prefabs/Jug_01.prefab
  artifactKey: Guid(0c49d14f67533cd46946f65d18bf9bd3) Importer(815301076,1909f56bfc062723c751e8b465ee728b)
Number of updated assets reloaded before import = 0
Start importing Assets/LowPolyMedievalPropsLite/Prefabs/Jug_01.prefab using Guid(0c49d14f67533cd46946f65d18bf9bd3) Importer(815301076,1909f56bfc062723c751e8b465ee728b)  -> (artifact id: '74fadd0891b60e9b474352c838ecb8f6') in 0.015820 seconds 
Number of asset objects unloaded after import = 10
========================================================================
Received Import Request.
  Time since last request: 0.000021 seconds.
  path: Assets/LowPolyMedievalPropsLite/Prefabs/Fire_01.prefab
  artifactKey: Guid(2415eee8dc9a7af4bbd6563b6502cea1) Importer(815301076,1909f56bfc062723c751e8b465ee728b)
Number of updated assets reloaded before import = 0
Start importing Assets/LowPolyMedievalPropsLite/Prefabs/Fire_01.prefab using Guid(2415eee8dc9a7af4bbd6563b6502cea1) Importer(815301076,1909f56bfc062723c751e8b465ee728b)  -> (artifact id: 'f59fb730e58eee1e9e0897596c188ace') in 0.032862 seconds 
Number of asset objects unloaded after import = 28
========================================================================
Received Import Request.
  Time since last request: 0.000039 seconds.
  path: Assets/LowPolyMedievalPropsLite/Prefabs/Furniture_02.prefab
  artifactKey: Guid(cf53323f590366f43b4564f7d3d614d7) Importer(815301076,1909f56bfc062723c751e8b465ee728b)
Number of updated assets reloaded before import = 0
Start importing Assets/LowPolyMedievalPropsLite/Prefabs/Furniture_02.prefab using Guid(cf53323f590366f43b4564f7d3d614d7) Importer(815301076,1909f56bfc062723c751e8b465ee728b)  -> (artifact id: '21b31083b958e2b5e3a2ea671cd951f8') in 0.013371 seconds 
Number of asset objects unloaded after import = 10
========================================================================
Received Import Request.
  Time since last request: 0.000033 seconds.
  path: Assets/LowPolyMedievalPropsLite/Prefabs/Plate_03.prefab
  artifactKey: Guid(8ad79b265210cac4180535b79fd4f14c) Importer(815301076,1909f56bfc062723c751e8b465ee728b)
Number of updated assets reloaded before import = 0
Start importing Assets/LowPolyMedievalPropsLite/Prefabs/Plate_03.prefab using Guid(8ad79b265210cac4180535b79fd4f14c) Importer(815301076,1909f56bfc062723c751e8b465ee728b)  -> (artifact id: '1fab2f337e2951f76a3087c8c99b0844') in 0.014890 seconds 
Number of asset objects unloaded after import = 10
========================================================================
Received Import Request.
  Time since last request: 0.000017 seconds.
  path: Assets/LowPolyMedievalPropsLite/Prefabs/Box_01.prefab
  artifactKey: Guid(e0b2792fd3ecf274fa1b9172d6962562) Importer(815301076,1909f56bfc062723c751e8b465ee728b)
Number of updated assets reloaded before import = 0
Start importing Assets/LowPolyMedievalPropsLite/Prefabs/Box_01.prefab using Guid(e0b2792fd3ecf274fa1b9172d6962562) Importer(815301076,1909f56bfc062723c751e8b465ee728b)  -> (artifact id: '4dacf861d0c0096e8781818e06649ccb') in 0.016904 seconds 
Number of asset objects unloaded after import = 10
========================================================================
Received Import Request.
  Time since last request: 0.000015 seconds.
  path: Assets/LowPolyMedievalPropsLite/Prefabs/Furniture_03.prefab
  artifactKey: Guid(426f5685ee9aca84491d8c314be1350f) Importer(815301076,1909f56bfc062723c751e8b465ee728b)
Number of updated assets reloaded before import = 0
Start importing Assets/LowPolyMedievalPropsLite/Prefabs/Furniture_03.prefab using Guid(426f5685ee9aca84491d8c314be1350f) Importer(815301076,1909f56bfc062723c751e8b465ee728b)  -> (artifact id: '9a1d811fdbb16ccce6e4cfed05b1d574') in 0.015546 seconds 
Number of asset objects unloaded after import = 10
========================================================================
Received Import Request.
  Time since last request: 0.000019 seconds.
  path: Assets/LowPolyMedievalPropsLite/Prefabs/Plate_04.prefab
  artifactKey: Guid(4c48cf7d06fb67248992c3758b08c410) Importer(815301076,1909f56bfc062723c751e8b465ee728b)
Number of updated assets reloaded before import = 0
Start importing Assets/LowPolyMedievalPropsLite/Prefabs/Plate_04.prefab using Guid(4c48cf7d06fb67248992c3758b08c410) Importer(815301076,1909f56bfc062723c751e8b465ee728b)  -> (artifact id: 'a3e42d44abac718df7f615e940d18037') in 0.018168 seconds 
Number of asset objects unloaded after import = 10
========================================================================
Received Import Request.
  Time since last request: 0.000020 seconds.
  path: Assets/LowPolyMedievalPropsLite/Prefabs/Stone_01.prefab
  artifactKey: Guid(89a32941865132c4ba1c2782790ed46b) Importer(815301076,1909f56bfc062723c751e8b465ee728b)
Number of updated assets reloaded before import = 0
Start importing Assets/LowPolyMedievalPropsLite/Prefabs/Stone_01.prefab using Guid(89a32941865132c4ba1c2782790ed46b) Importer(815301076,1909f56bfc062723c751e8b465ee728b)  -> (artifact id: '4636842d7d1149fb8605039d2a529994') in 0.017244 seconds 
Number of asset objects unloaded after import = 10
========================================================================
Received Import Request.
  Time since last request: 0.000017 seconds.
  path: Assets/LowPolyMedievalPropsLite/Prefabs/Carpet_01.prefab
  artifactKey: Guid(ee24e119d4e40b74e82fa4ef4de7e2ec) Importer(815301076,1909f56bfc062723c751e8b465ee728b)
Number of updated assets reloaded before import = 0
Start importing Assets/LowPolyMedievalPropsLite/Prefabs/Carpet_01.prefab using Guid(ee24e119d4e40b74e82fa4ef4de7e2ec) Importer(815301076,1909f56bfc062723c751e8b465ee728b)  -> (artifact id: '8ce14241e8f5e73d230b35c220f85c3d') in 0.015415 seconds 
Number of asset objects unloaded after import = 10
========================================================================
Received Import Request.
  Time since last request: 0.000021 seconds.
  path: Assets/LowPolyMedievalPropsLite/Prefabs/Barrel_01.prefab
  artifactKey: Guid(af0251662ce5880478fc4015a2c7df13) Importer(815301076,1909f56bfc062723c751e8b465ee728b)
Number of updated assets reloaded before import = 0
Start importing Assets/LowPolyMedievalPropsLite/Prefabs/Barrel_01.prefab using Guid(af0251662ce5880478fc4015a2c7df13) Importer(815301076,1909f56bfc062723c751e8b465ee728b)  -> (artifact id: '5921fae6ad8db47c221eb74383f4c9cf') in 0.016931 seconds 
Number of asset objects unloaded after import = 10
========================================================================
Received Import Request.
  Time since last request: 0.000031 seconds.
  path: Assets/LowPolyMedievalPropsLite/Prefabs/Cup_01.prefab
  artifactKey: Guid(180e2fa043d9e8742a7d8391684bb993) Importer(815301076,1909f56bfc062723c751e8b465ee728b)
Number of updated assets reloaded before import = 0
Start importing Assets/LowPolyMedievalPropsLite/Prefabs/Cup_01.prefab using Guid(180e2fa043d9e8742a7d8391684bb993) Importer(815301076,1909f56bfc062723c751e8b465ee728b)  -> (artifact id: 'e28bdef1c8aac2575956dc014d1b9386') in 0.015479 seconds 
Number of asset objects unloaded after import = 10
========================================================================
Received Import Request.
  Time since last request: 0.000017 seconds.
  path: Assets/LowPolyMedievalPropsLite/Prefabs/Food_05.prefab
  artifactKey: Guid(42b182dba1d708b41921836ec2eedb83) Importer(815301076,1909f56bfc062723c751e8b465ee728b)
Number of updated assets reloaded before import = 0
Start importing Assets/LowPolyMedievalPropsLite/Prefabs/Food_05.prefab using Guid(42b182dba1d708b41921836ec2eedb83) Importer(815301076,1909f56bfc062723c751e8b465ee728b)  -> (artifact id: '4270d5528bd2cfd6f6f45064bdc4c7dc') in 0.015172 seconds 
Number of asset objects unloaded after import = 10
========================================================================
Received Import Request.
  Time since last request: 0.000022 seconds.
  path: Assets/LowPolyMedievalPropsLite/Prefabs/Food_03.prefab
  artifactKey: Guid(dae57aea7aee8914da3ecfa4dc3e092d) Importer(815301076,1909f56bfc062723c751e8b465ee728b)
Number of updated assets reloaded before import = 0
Start importing Assets/LowPolyMedievalPropsLite/Prefabs/Food_03.prefab using Guid(dae57aea7aee8914da3ecfa4dc3e092d) Importer(815301076,1909f56bfc062723c751e8b465ee728b)  -> (artifact id: '8bdaa868947b26929238b85a083574ca') in 0.018632 seconds 
Number of asset objects unloaded after import = 10
========================================================================
Received Import Request.
  Time since last request: 0.000029 seconds.
  path: Assets/LowPolyMedievalPropsLite/Prefabs/Plate_02.prefab
  artifactKey: Guid(c12c2872ef9d9e94fb404dc0c9784fcb) Importer(815301076,1909f56bfc062723c751e8b465ee728b)
Number of updated assets reloaded before import = 0
Start importing Assets/LowPolyMedievalPropsLite/Prefabs/Plate_02.prefab using Guid(c12c2872ef9d9e94fb404dc0c9784fcb) Importer(815301076,1909f56bfc062723c751e8b465ee728b)  -> (artifact id: '61b72147d6fdfed6e2026577d8a61a61') in 0.020430 seconds 
Number of asset objects unloaded after import = 10
========================================================================
Received Import Request.
  Time since last request: 0.000031 seconds.
  path: Assets/LowPolyMedievalPropsLite/Prefabs/Cup_02.prefab
  artifactKey: Guid(bb470d63914d5214081b7cf78b5bf7cf) Importer(815301076,1909f56bfc062723c751e8b465ee728b)
Number of updated assets reloaded before import = 0
Start importing Assets/LowPolyMedievalPropsLite/Prefabs/Cup_02.prefab using Guid(bb470d63914d5214081b7cf78b5bf7cf) Importer(815301076,1909f56bfc062723c751e8b465ee728b)  -> (artifact id: '3b8a2cd46bc9d50a1acb8387093a353f') in 0.016546 seconds 
Number of asset objects unloaded after import = 10
========================================================================
Received Import Request.
  Time since last request: 0.000021 seconds.
  path: Assets/LowPolyMedievalPropsLite/Prefabs/Coin_01.prefab
  artifactKey: Guid(503cf83fd490b1640bbc9aea8a7ded93) Importer(815301076,1909f56bfc062723c751e8b465ee728b)
Number of updated assets reloaded before import = 0
Start importing Assets/LowPolyMedievalPropsLite/Prefabs/Coin_01.prefab using Guid(503cf83fd490b1640bbc9aea8a7ded93) Importer(815301076,1909f56bfc062723c751e8b465ee728b)  -> (artifact id: '4925b285a89663d244ef0c29c51b76e1') in 0.016588 seconds 
Number of asset objects unloaded after import = 10
========================================================================
Received Import Request.
  Time since last request: 0.000021 seconds.
  path: Assets/LowPolyMedievalPropsLite/Prefabs/Bucket_01.prefab
  artifactKey: Guid(f2db1d06f79fef94592fee4b86c679d8) Importer(815301076,1909f56bfc062723c751e8b465ee728b)
Number of updated assets reloaded before import = 0
Start importing Assets/LowPolyMedievalPropsLite/Prefabs/Bucket_01.prefab using Guid(f2db1d06f79fef94592fee4b86c679d8) Importer(815301076,1909f56bfc062723c751e8b465ee728b)  -> (artifact id: '77ad0ad57b6f87cb8692ca4208776d4c') in 0.018147 seconds 
Number of asset objects unloaded after import = 22
========================================================================
Received Import Request.
  Time since last request: 1.104241 seconds.
  path: Assets/LowPolyMedievalPropsLite/Prefabs/WoodPlank_02.prefab
  artifactKey: Guid(8be4dcaf6b4245341b59481c573c1ada) Importer(815301076,1909f56bfc062723c751e8b465ee728b)
Number of updated assets reloaded before import = 0
Start importing Assets/LowPolyMedievalPropsLite/Prefabs/WoodPlank_02.prefab using Guid(8be4dcaf6b4245341b59481c573c1ada) Importer(815301076,1909f56bfc062723c751e8b465ee728b)  -> (artifact id: 'a4bb20d0a8d6d5fc66797b564595c98b') in 0.015859 seconds 
Number of asset objects unloaded after import = 10
========================================================================
Received Import Request.
  Time since last request: 13.206541 seconds.
  path: Assets/Toon Environments - World Creator Pack Lite/Prefabs/Props/Cloud_Long.prefab
  artifactKey: Guid(863c6849085215d4cbb94fcbeefa96c6) Importer(815301076,1909f56bfc062723c751e8b465ee728b)
Number of updated assets reloaded before import = 0
Start importing Assets/Toon Environments - World Creator Pack Lite/Prefabs/Props/Cloud_Long.prefab using Guid(863c6849085215d4cbb94fcbeefa96c6) Importer(815301076,1909f56bfc062723c751e8b465ee728b)  -> (artifact id: 'ee688390b89caec2184bc35f5f9a952a') in 0.014288 seconds 
Number of asset objects unloaded after import = 9
========================================================================
Received Import Request.
  Time since last request: 0.000021 seconds.
  path: Assets/Toon Environments - World Creator Pack Lite/Prefabs/Props/Shrub.prefab
  artifactKey: Guid(6fbeead406b0d6c4ba7793d754752d28) Importer(815301076,1909f56bfc062723c751e8b465ee728b)
Number of updated assets reloaded before import = 0
Start importing Assets/Toon Environments - World Creator Pack Lite/Prefabs/Props/Shrub.prefab using Guid(6fbeead406b0d6c4ba7793d754752d28) Importer(815301076,1909f56bfc062723c751e8b465ee728b)  -> (artifact id: '83d8117e00f48a8c6392cd4df58622e7') in 0.016693 seconds 
Number of asset objects unloaded after import = 16
========================================================================
Received Import Request.
  Time since last request: 0.000018 seconds.
  path: Assets/Toon Environments - World Creator Pack Lite/Prefabs/Props/Ladder.prefab
  artifactKey: Guid(a4c73f91703f6b34f9bd38ff6eeda3df) Importer(815301076,1909f56bfc062723c751e8b465ee728b)
Number of updated assets reloaded before import = 0
Start importing Assets/Toon Environments - World Creator Pack Lite/Prefabs/Props/Ladder.prefab using Guid(a4c73f91703f6b34f9bd38ff6eeda3df) Importer(815301076,1909f56bfc062723c751e8b465ee728b)  -> (artifact id: '50d4ec3b3360cd1193efef6498eb96e4') in 0.018222 seconds 
Number of asset objects unloaded after import = 9
========================================================================
Received Import Request.
  Time since last request: 0.000017 seconds.
  path: Assets/Toon Environments - World Creator Pack Lite/Prefabs/Props/Flower.prefab
  artifactKey: Guid(9cc45cbe54813474c945d1f50984df82) Importer(815301076,1909f56bfc062723c751e8b465ee728b)
Number of updated assets reloaded before import = 0
Start importing Assets/Toon Environments - World Creator Pack Lite/Prefabs/Props/Flower.prefab using Guid(9cc45cbe54813474c945d1f50984df82) Importer(815301076,1909f56bfc062723c751e8b465ee728b)  -> (artifact id: '14341dbc9f408f9551dbb755ab8ab0d9') in 0.013308 seconds 
Number of asset objects unloaded after import = 9
========================================================================
Received Import Request.
  Time since last request: 0.000016 seconds.
  path: Assets/Toon Environments - World Creator Pack Lite/Prefabs/Props/Grass.prefab
  artifactKey: Guid(c65df2ca4c250c442925bcdb64911c51) Importer(815301076,1909f56bfc062723c751e8b465ee728b)
Number of updated assets reloaded before import = 0
Start importing Assets/Toon Environments - World Creator Pack Lite/Prefabs/Props/Grass.prefab using Guid(c65df2ca4c250c442925bcdb64911c51) Importer(815301076,1909f56bfc062723c751e8b465ee728b)  -> (artifact id: 'ceaf0d6b9f1f16eb7a84a9175823af7b') in 0.013510 seconds 
Number of asset objects unloaded after import = 9
========================================================================
Received Import Request.
  Time since last request: 5.824380 seconds.
  path: Assets/Toon Environments - World Creator Pack Lite/Prefabs/Tiles/Tile_Corner.prefab
  artifactKey: Guid(989cb3a038b5e8a418f4c15ab40e8e08) Importer(815301076,1909f56bfc062723c751e8b465ee728b)
Number of updated assets reloaded before import = 0
Start importing Assets/Toon Environments - World Creator Pack Lite/Prefabs/Tiles/Tile_Corner.prefab using Guid(989cb3a038b5e8a418f4c15ab40e8e08) Importer(815301076,1909f56bfc062723c751e8b465ee728b)  -> (artifact id: '2265a42fb066764d7cf1ed67bc0799ae') in 0.012110 seconds 
Number of asset objects unloaded after import = 9
========================================================================
Received Import Request.
  Time since last request: 0.000013 seconds.
  path: Assets/Toon Environments - World Creator Pack Lite/Prefabs/Tiles/Tile_Corner_Foundation.prefab
  artifactKey: Guid(4d8d3aeb7b37cce489edce3815314b3b) Importer(815301076,1909f56bfc062723c751e8b465ee728b)
Number of updated assets reloaded before import = 0
Start importing Assets/Toon Environments - World Creator Pack Lite/Prefabs/Tiles/Tile_Corner_Foundation.prefab using Guid(4d8d3aeb7b37cce489edce3815314b3b) Importer(815301076,1909f56bfc062723c751e8b465ee728b)  -> (artifact id: '7cf92666c8f97fe36638442f7142f4e3') in 0.013513 seconds 
Number of asset objects unloaded after import = 9
========================================================================
Received Import Request.
  Time since last request: 0.000015 seconds.
  path: Assets/Toon Environments - World Creator Pack Lite/Prefabs/Tiles/Tile_Road_End_Edge.prefab
  artifactKey: Guid(32d4f34d7a0cfea47925ec8391fa3b63) Importer(815301076,1909f56bfc062723c751e8b465ee728b)
Number of updated assets reloaded before import = 0
Start importing Assets/Toon Environments - World Creator Pack Lite/Prefabs/Tiles/Tile_Road_End_Edge.prefab using Guid(32d4f34d7a0cfea47925ec8391fa3b63) Importer(815301076,1909f56bfc062723c751e8b465ee728b)  -> (artifact id: '8d619706c760f576f1362445bff53f78') in 0.012550 seconds 
Number of asset objects unloaded after import = 9
========================================================================
Received Import Request.
  Time since last request: 0.000031 seconds.
  path: Assets/Toon Environments - World Creator Pack Lite/Prefabs/Tiles/Tile_Corner_Foundation_End.prefab
  artifactKey: Guid(52ff03c2800b502488e0bb6f2ed136e6) Importer(815301076,1909f56bfc062723c751e8b465ee728b)
Number of updated assets reloaded before import = 0
Start importing Assets/Toon Environments - World Creator Pack Lite/Prefabs/Tiles/Tile_Corner_Foundation_End.prefab using Guid(52ff03c2800b502488e0bb6f2ed136e6) Importer(815301076,1909f56bfc062723c751e8b465ee728b)  -> (artifact id: '1ee58a4e8a26dcf090611c4bf8305f2d') in 0.011986 seconds 
Number of asset objects unloaded after import = 9
========================================================================
Received Import Request.
  Time since last request: 0.000021 seconds.
  path: Assets/Toon Environments - World Creator Pack Lite/Prefabs/Tiles/Tile_Road_Solo.prefab
  artifactKey: Guid(341e51ffcacc4a3419e517763508953d) Importer(815301076,1909f56bfc062723c751e8b465ee728b)
Number of updated assets reloaded before import = 0
Start importing Assets/Toon Environments - World Creator Pack Lite/Prefabs/Tiles/Tile_Road_Solo.prefab using Guid(341e51ffcacc4a3419e517763508953d) Importer(815301076,1909f56bfc062723c751e8b465ee728b)  -> (artifact id: 'af8e94e2b2d027f1a8e7068ddaaa1764') in 0.012388 seconds 
Number of asset objects unloaded after import = 9
Editor requested this worker to shutdown with reason: Scaling down because of idle timeout
AssetImportWorker is now disconnected from the server
Process exiting
Exiting without the bug reporter. Application will terminate with return code 0