Using pre-set license
Built from '2021.3/staging' branch; Version is '2021.3.45f1 (0da89fac8e79) revision 895135'; Using compiler version '192829333'; Build Type 'Release'
OS: 'Windows 11  (10.0.26100) 64bit Professional' Language: 'ru' Physical Memory: 15611 MB
BatchMode: 1, IsHumanControllingUs: 0, StartBugReporterOnCrash: 0, Is64bit: 1, IsPro: 1

COMMAND LINE ARGUMENTS:
C:\Program Files\Unity\Hub\Editor\2021.3.45f1\Editor\Unity.exe
-adb2
-batchMode
-noUpm
-name
AssetImportWorker4
-projectPath
C:/Users/Alish/Desktop/Hidee-Game-Project/Hidee
-logFile
Logs/AssetImportWorker4.log
-srvPort
50848
Successfully changed project path to: C:/Users/Alish/Desktop/Hidee-Game-Project/Hidee
C:/Users/Alish/Desktop/Hidee-Game-Project/Hidee
[UnityMemory] Configuration Parameters - Can be set up in boot.config
    "memorysetup-bucket-allocator-granularity=16"
    "memorysetup-bucket-allocator-bucket-count=8"
    "memorysetup-bucket-allocator-block-size=33554432"
    "memorysetup-bucket-allocator-block-count=8"
    "memorysetup-main-allocator-block-size=16777216"
    "memorysetup-thread-allocator-block-size=16777216"
    "memorysetup-gfx-main-allocator-block-size=16777216"
    "memorysetup-gfx-thread-allocator-block-size=16777216"
    "memorysetup-cache-allocator-block-size=4194304"
    "memorysetup-typetree-allocator-block-size=2097152"
    "memorysetup-profiler-bucket-allocator-granularity=16"
    "memorysetup-profiler-bucket-allocator-bucket-count=8"
    "memorysetup-profiler-bucket-allocator-block-size=33554432"
    "memorysetup-profiler-bucket-allocator-block-count=8"
    "memorysetup-profiler-allocator-block-size=16777216"
    "memorysetup-profiler-editor-allocator-block-size=1048576"
    "memorysetup-temp-allocator-size-main=16777216"
    "memorysetup-job-temp-allocator-block-size=2097152"
    "memorysetup-job-temp-allocator-block-size-background=1048576"
    "memorysetup-job-temp-allocator-reduction-small-platforms=262144"
    "memorysetup-temp-allocator-size-background-worker=32768"
    "memorysetup-temp-allocator-size-job-worker=262144"
    "memorysetup-temp-allocator-size-preload-manager=33554432"
    "memorysetup-temp-allocator-size-nav-mesh-worker=65536"
    "memorysetup-temp-allocator-size-audio-worker=65536"
    "memorysetup-temp-allocator-size-cloud-worker=32768"
    "memorysetup-temp-allocator-size-gi-baking-worker=262144"
    "memorysetup-temp-allocator-size-gfx=262144"
Player connection [17912] Host "[IP] 192.168.2.124 [Port] 0 [Flags] 2 [Guid] 963136355 [EditorId] 963136355 [Version] 1048832 [Id] WindowsEditor(7,DESKTOP-OAET0P7) [Debug] 1 [PackageName] WindowsEditor [ProjectName] Editor" joined multi-casting on [225.0.0.222:54997]...

Player connection [17912] Host "[IP] 192.168.2.124 [Port] 0 [Flags] 2 [Guid] 963136355 [EditorId] 963136355 [Version] 1048832 [Id] WindowsEditor(7,DESKTOP-OAET0P7) [Debug] 1 [PackageName] WindowsEditor [ProjectName] Editor" joined alternative multi-casting on [225.0.0.222:34997]...

[Physics::Module] Initialized MultithreadedJobDispatcher with {0} workers.
Refreshing native plugins compatible for Editor in 84.65 ms, found 3 plugins.
Preloading 0 native plugins for Editor in 0.00 ms.
Initialize engine version: 2021.3.45f1 (0da89fac8e79)
[Subsystems] Discovering subsystems at path C:/Program Files/Unity/Hub/Editor/2021.3.45f1/Editor/Data/Resources/UnitySubsystems
[Subsystems] Discovering subsystems at path C:/Users/Alish/Desktop/Hidee-Game-Project/Hidee/Assets
GfxDevice: creating device client; threaded=0; jobified=0
Direct3D:
    Version:  Direct3D 11.0 [level 11.1]
    Renderer: NVIDIA GeForce RTX 4060 Laptop GPU (ID=0x28e0)
    Vendor:   NVIDIA
    VRAM:     7957 MB
    Driver:   32.0.15.6626
Initialize mono
Mono path[0] = 'C:/Program Files/Unity/Hub/Editor/2021.3.45f1/Editor/Data/Managed'
Mono path[1] = 'C:/Program Files/Unity/Hub/Editor/2021.3.45f1/Editor/Data/MonoBleedingEdge/lib/mono/unityjit-win32'
Mono config path = 'C:/Program Files/Unity/Hub/Editor/2021.3.45f1/Editor/Data/MonoBleedingEdge/etc'
Using monoOptions --debugger-agent=transport=dt_socket,embedding=1,server=y,suspend=n,address=127.0.0.1:56900
Begin MonoManager ReloadAssembly
Registering precompiled unity dll's ...
Register platform support module: C:/Program Files/Unity/Hub/Editor/2021.3.45f1/Editor/Data/PlaybackEngines/AndroidPlayer/UnityEditor.Android.Extensions.dll
Register platform support module: C:/Program Files/Unity/Hub/Editor/2021.3.45f1/Editor/Data/PlaybackEngines/WindowsStandaloneSupport/UnityEditor.WindowsStandalone.Extensions.dll
Registered in 0.007049 seconds.
Native extension for WindowsStandalone target not found
Native extension for Android target not found
Android Extension - Scanning For ADB Devices 862 ms
Refreshing native plugins compatible for Editor in 65.14 ms, found 3 plugins.
Preloading 0 native plugins for Editor in 0.00 ms.
Mono: successfully reloaded assembly
- Completed reload, in  1.430 seconds
Domain Reload Profiling:
	ReloadAssembly (1431ms)
		BeginReloadAssembly (87ms)
			ExecutionOrderSort (0ms)
			DisableScriptedObjects (0ms)
			BackupInstance (0ms)
			ReleaseScriptingObjects (0ms)
			CreateAndSetChildDomain (1ms)
		EndReloadAssembly (1257ms)
			LoadAssemblies (85ms)
			RebuildTransferFunctionScriptingTraits (0ms)
			SetupTypeCache (85ms)
			ReleaseScriptCaches (0ms)
			RebuildScriptCaches (24ms)
			SetupLoadedEditorAssemblies (1109ms)
				LogAssemblyErrors (0ms)
				InitializePlatformSupportModulesInManaged (924ms)
				SetLoadedEditorAssemblies (0ms)
				RefreshPlugins (65ms)
				BeforeProcessingInitializeOnLoad (1ms)
				ProcessInitializeOnLoadAttributes (84ms)
				ProcessInitializeOnLoadMethodAttributes (35ms)
				AfterProcessingInitializeOnLoad (0ms)
				EditorAssembliesLoaded (0ms)
			ExecutionOrderSort2 (0ms)
			AwakeInstancesAfterBackupRestoration (0ms)
Platform modules already initialized, skipping
Registering precompiled user dll's ...
Registered in 0.012938 seconds.
Begin MonoManager ReloadAssembly
Native extension for WindowsStandalone target not found
Native extension for Android target not found
Refreshing native plugins compatible for Editor in 68.28 ms, found 3 plugins.
Preloading 0 native plugins for Editor in 0.00 ms.
Package Manager log level set to [2]
[Package Manager] Server::EnsureServerProcessIsRunning -- launch failed, reason: Unity was launched with the -noUpm command-line argument
[Package Manager] Cannot connect to Unity Package Manager local server
Thank you for using Fish-Networking! If you have any feedback—whether it's suggestions, documentation, or performance-related—please let us know through our anonymous <a href=https://forms.gle/1g13VY4KKMnEqpkp6>Google feedback form!</a>
UnityEngine.StackTraceUtility:ExtractStackTrace ()
UnityEngine.DebugLogHandler:LogFormat (UnityEngine.LogType,UnityEngine.Object,string,object[])
UnityEngine.Logger:Log (UnityEngine.LogType,object)
UnityEngine.Debug:Log (object)
FishNet.Editing.FishNetGettingStartedEditor:LogFeedbackLink () (at Assets/FishNet/Runtime/Editor/Configuring/FIshNetGettingStartedEditor.cs:172)
FishNet.Editing.FishNetGettingStartedEditor:Initialize () (at Assets/FishNet/Runtime/Editor/Configuring/FIshNetGettingStartedEditor.cs:62)
System.Reflection.RuntimeMethodInfo:Invoke (object,System.Reflection.BindingFlags,System.Reflection.Binder,object[],System.Globalization.CultureInfo)
System.Reflection.MethodBase:Invoke (object,object[])
UnityEditor.EditorAssemblies:ProcessInitializeOnLoadMethodAttributes ()

(Filename: Assets/FishNet/Runtime/Editor/Configuring/FIshNetGettingStartedEditor.cs Line: 172)

Edgegap requires Json.NET to be imported to function. To import Json.NET navigate to Window -> Package Manager -> Click the + symbol and choose 'Add package by name' -> com.unity.nuget.newtonsoft-json -> Leave version blank and click Add. If you are not currently using Edgegap you may ignore this message.
UnityEngine.StackTraceUtility:ExtractStackTrace ()
UnityEngine.DebugLogHandler:LogFormat (UnityEngine.LogType,UnityEngine.Object,string,object[])
UnityEngine.Logger:Log (UnityEngine.LogType,object)
UnityEngine.Debug:LogWarning (object)
Newtonsoft.Json.FallbackDisplayer:Initialize () (at Assets/FishNet/Plugins/Edgegap/Newtonsoft_Package_Patch.cs:47)
System.Reflection.RuntimeMethodInfo:Invoke (object,System.Reflection.BindingFlags,System.Reflection.Binder,object[],System.Globalization.CultureInfo)
System.Reflection.MethodBase:Invoke (object,object[])
UnityEditor.EditorAssemblies:ProcessInitializeOnLoadMethodAttributes ()

(Filename: Assets/FishNet/Plugins/Edgegap/Newtonsoft_Package_Patch.cs Line: 47)

Mono: successfully reloaded assembly
- Completed reload, in  1.660 seconds
Domain Reload Profiling:
	ReloadAssembly (1661ms)
		BeginReloadAssembly (119ms)
			ExecutionOrderSort (0ms)
			DisableScriptedObjects (5ms)
			BackupInstance (0ms)
			ReleaseScriptingObjects (0ms)
			CreateAndSetChildDomain (19ms)
		EndReloadAssembly (1446ms)
			LoadAssemblies (112ms)
			RebuildTransferFunctionScriptingTraits (0ms)
			SetupTypeCache (263ms)
			ReleaseScriptCaches (1ms)
			RebuildScriptCaches (53ms)
			SetupLoadedEditorAssemblies (1006ms)
				LogAssemblyErrors (0ms)
				InitializePlatformSupportModulesInManaged (12ms)
				SetLoadedEditorAssemblies (0ms)
				RefreshPlugins (68ms)
				BeforeProcessingInitializeOnLoad (82ms)
				ProcessInitializeOnLoadAttributes (769ms)
				ProcessInitializeOnLoadMethodAttributes (65ms)
				AfterProcessingInitializeOnLoad (9ms)
				EditorAssembliesLoaded (0ms)
			ExecutionOrderSort2 (0ms)
			AwakeInstancesAfterBackupRestoration (5ms)
Platform modules already initialized, skipping
========================================================================
Worker process is ready to serve import requests
Launched and connected shader compiler UnityShaderCompiler.exe after 0.09 seconds
Refreshing native plugins compatible for Editor in 1.50 ms, found 3 plugins.
Preloading 0 native plugins for Editor in 0.00 ms.
Unloading 5524 Unused Serialized files (Serialized files now loaded: 0)
Unloading 36 unused Assets / (0.7 MB). Loaded Objects now: 5981.
Memory consumption went from 211.8 MB to 211.1 MB.
Total: 4.316800 ms (FindLiveObjects: 0.551800 ms CreateObjectMapping: 0.170700 ms MarkObjects: 3.297700 ms  DeleteObjects: 0.295400 ms)

AssetImportParameters requested are different than current active one (requested -> active):
  custom:video-decoder-ogg-theora: a1e56fd34408186e4bbccfd4996cb3dc -> 
  custom:container-muxer-webm: aa71ff27fc2769a1b78a27578f13a17b -> 
  custom:container-demuxer-webm: 4f35f7cbe854078d1ac9338744f61a02 -> 
  custom:video-encoder-webm-vp8: eb34c28f22e8b96e1ab97ce403110664 -> 
  custom:video-codec-MediaFoundation-h265: 746d11721c4dcdbdad8f713fa42b33f4 -> 
  custom:CustomObjectIndexerAttribute: 6b0e35c9178b02a6363f3721b7b8e397 -> 
  custom:audio-encoder-webm-vorbis: bf7c407c2cedff20999df2af8eb42d56 -> 
  custom:framework-win-MediaFoundation: 216162199b28c13a410421893ffa2e32 -> 
  custom:SearchIndexIgnoredProperties: e643bd26f0fe6173181afceb89e7c659 -> 
  custom:container-demuxer-ogg: 62fdf1f143b41e24485cea50d1cbac27 -> 
  custom:video-decoder-webm-vp8: 9c59270c3fd7afecdb556c50c9e8de78 -> 
  custom:audio-decoder-ogg-vorbis: bf7c407c2cedff20999df2af8eb42d56 -> 
========================================================================
Received Import Request.
  Time since last request: 3382.742023 seconds.
  path: Assets/MyPrefabs/Cabin (8) Variant.prefab
  artifactKey: Guid(b83b5b92b0b9abb4b8bed1e8d5732c7a) Importer(815301076,1909f56bfc062723c751e8b465ee728b)
Number of updated assets reloaded before import = 0
Start importing Assets/MyPrefabs/Cabin (8) Variant.prefab using Guid(b83b5b92b0b9abb4b8bed1e8d5732c7a) Importer(815301076,1909f56bfc062723c751e8b465ee728b)  -> (artifact id: '0693f4d0c6de747aa6fc88b45fa2e4c0') in 0.134912 seconds 
Number of asset objects unloaded after import = 28
========================================================================
Received Import Request.
  Time since last request: 3.421804 seconds.
  path: Assets/MyPrefabs/Cabin (8) Variant.prefab
  artifactKey: Guid(b83b5b92b0b9abb4b8bed1e8d5732c7a) Importer(815301076,1909f56bfc062723c751e8b465ee728b)
Number of updated assets reloaded before import = 0
Start importing Assets/MyPrefabs/Cabin (8) Variant.prefab using Guid(b83b5b92b0b9abb4b8bed1e8d5732c7a) Importer(815301076,1909f56bfc062723c751e8b465ee728b)  -> (artifact id: '37c5037d83aed8346392dc01e20e9ba2') in 0.013821 seconds 
Number of asset objects unloaded after import = 29
========================================================================
Received Import Request.
  Time since last request: 10.248727 seconds.
  path: Assets/MyPrefabs/Cabin (8) Variant.prefab
  artifactKey: Guid(b83b5b92b0b9abb4b8bed1e8d5732c7a) Importer(815301076,1909f56bfc062723c751e8b465ee728b)
Number of updated assets reloaded before import = 0
Start importing Assets/MyPrefabs/Cabin (8) Variant.prefab using Guid(b83b5b92b0b9abb4b8bed1e8d5732c7a) Importer(815301076,1909f56bfc062723c751e8b465ee728b)  -> (artifact id: 'ac8623673516f01f5e675d58552e58b9') in 0.015525 seconds 
Number of asset objects unloaded after import = 29
========================================================================
Received Import Request.
  Time since last request: 6.108295 seconds.
  path: Assets/MyPrefabs/Cabin (8) Variant.prefab
  artifactKey: Guid(b83b5b92b0b9abb4b8bed1e8d5732c7a) Importer(815301076,1909f56bfc062723c751e8b465ee728b)
Number of updated assets reloaded before import = 0
Start importing Assets/MyPrefabs/Cabin (8) Variant.prefab using Guid(b83b5b92b0b9abb4b8bed1e8d5732c7a) Importer(815301076,1909f56bfc062723c751e8b465ee728b)  -> (artifact id: '74088e570d96cf62c953c313102ded32') in 0.017114 seconds 
Number of asset objects unloaded after import = 29
========================================================================
Received Import Request.
  Time since last request: 12.229980 seconds.
  path: Assets/MyPrefabs/Cabin (8) Variant.prefab
  artifactKey: Guid(b83b5b92b0b9abb4b8bed1e8d5732c7a) Importer(815301076,1909f56bfc062723c751e8b465ee728b)
Number of updated assets reloaded before import = 0
Start importing Assets/MyPrefabs/Cabin (8) Variant.prefab using Guid(b83b5b92b0b9abb4b8bed1e8d5732c7a) Importer(815301076,1909f56bfc062723c751e8b465ee728b)  -> (artifact id: '59799e960d5fdfdb24c497f3a1f7471b') in 0.013512 seconds 
Number of asset objects unloaded after import = 29
========================================================================
Received Import Request.
  Time since last request: 4.619431 seconds.
  path: Assets/MyPrefabs/Cabin (8) Variant.prefab
  artifactKey: Guid(b83b5b92b0b9abb4b8bed1e8d5732c7a) Importer(815301076,1909f56bfc062723c751e8b465ee728b)
Number of updated assets reloaded before import = 0
Start importing Assets/MyPrefabs/Cabin (8) Variant.prefab using Guid(b83b5b92b0b9abb4b8bed1e8d5732c7a) Importer(815301076,1909f56bfc062723c751e8b465ee728b)  -> (artifact id: 'bd823e755e297c4ba1a4c7e71330b3ee') in 0.012828 seconds 
Number of asset objects unloaded after import = 29
========================================================================
Received Import Request.
  Time since last request: 3.623902 seconds.
  path: Assets/MyPrefabs/Cabin (8) Variant.prefab
  artifactKey: Guid(b83b5b92b0b9abb4b8bed1e8d5732c7a) Importer(815301076,1909f56bfc062723c751e8b465ee728b)
Number of updated assets reloaded before import = 0
Start importing Assets/MyPrefabs/Cabin (8) Variant.prefab using Guid(b83b5b92b0b9abb4b8bed1e8d5732c7a) Importer(815301076,1909f56bfc062723c751e8b465ee728b)  -> (artifact id: '2bfe7b1ad0eb1de5a689d10d9a27d6cf') in 0.013834 seconds 
Number of asset objects unloaded after import = 29
========================================================================
Received Import Request.
  Time since last request: 2.191407 seconds.
  path: Assets/MyPrefabs/Cabin (8) Variant.prefab
  artifactKey: Guid(b83b5b92b0b9abb4b8bed1e8d5732c7a) Importer(815301076,1909f56bfc062723c751e8b465ee728b)
Number of updated assets reloaded before import = 0
Start importing Assets/MyPrefabs/Cabin (8) Variant.prefab using Guid(b83b5b92b0b9abb4b8bed1e8d5732c7a) Importer(815301076,1909f56bfc062723c751e8b465ee728b)  -> (artifact id: '53b89ef95f3815042d164b06f1b3e8d0') in 0.013863 seconds 
Number of asset objects unloaded after import = 29
========================================================================
Received Import Request.
  Time since last request: 2.408432 seconds.
  path: Assets/MyPrefabs/Cabin (8) Variant.prefab
  artifactKey: Guid(b83b5b92b0b9abb4b8bed1e8d5732c7a) Importer(815301076,1909f56bfc062723c751e8b465ee728b)
Number of updated assets reloaded before import = 0
Start importing Assets/MyPrefabs/Cabin (8) Variant.prefab using Guid(b83b5b92b0b9abb4b8bed1e8d5732c7a) Importer(815301076,1909f56bfc062723c751e8b465ee728b)  -> (artifact id: '2488bf08b3de31d9468eb44cc7492220') in 0.012144 seconds 
Number of asset objects unloaded after import = 29
========================================================================
Received Import Request.
  Time since last request: 5.060265 seconds.
  path: Assets/MyPrefabs/Cabin (8) Variant.prefab
  artifactKey: Guid(b83b5b92b0b9abb4b8bed1e8d5732c7a) Importer(815301076,1909f56bfc062723c751e8b465ee728b)
Number of updated assets reloaded before import = 0
Start importing Assets/MyPrefabs/Cabin (8) Variant.prefab using Guid(b83b5b92b0b9abb4b8bed1e8d5732c7a) Importer(815301076,1909f56bfc062723c751e8b465ee728b)  -> (artifact id: '6402bb12f15ea55505a9d4a7b1520e38') in 0.016713 seconds 
Number of asset objects unloaded after import = 29
========================================================================
Received Import Request.
  Time since last request: 4.032894 seconds.
  path: Assets/MyPrefabs/Cabin (8) Variant.prefab
  artifactKey: Guid(b83b5b92b0b9abb4b8bed1e8d5732c7a) Importer(815301076,1909f56bfc062723c751e8b465ee728b)
Number of updated assets reloaded before import = 0
Start importing Assets/MyPrefabs/Cabin (8) Variant.prefab using Guid(b83b5b92b0b9abb4b8bed1e8d5732c7a) Importer(815301076,1909f56bfc062723c751e8b465ee728b)  -> (artifact id: '3839681859a024e781d9f27fe813b31a') in 0.013262 seconds 
Number of asset objects unloaded after import = 29
========================================================================
Received Prepare
Registering precompiled user dll's ...
Registered in 0.023146 seconds.
Begin MonoManager ReloadAssembly
Native extension for WindowsStandalone target not found
Native extension for Android target not found
Refreshing native plugins compatible for Editor in 1.37 ms, found 3 plugins.
Preloading 0 native plugins for Editor in 0.00 ms.
[Package Manager] Server::EnsureServerProcessIsRunning -- launch failed, reason: Unity was launched with the -noUpm command-line argument
[Package Manager] Cannot connect to Unity Package Manager local server
Mono: successfully reloaded assembly
- Completed reload, in  2.762 seconds
Domain Reload Profiling:
	ReloadAssembly (2764ms)
		BeginReloadAssembly (295ms)
			ExecutionOrderSort (0ms)
			DisableScriptedObjects (9ms)
			BackupInstance (0ms)
			ReleaseScriptingObjects (0ms)
			CreateAndSetChildDomain (78ms)
		EndReloadAssembly (2279ms)
			LoadAssemblies (229ms)
			RebuildTransferFunctionScriptingTraits (0ms)
			SetupTypeCache (545ms)
			ReleaseScriptCaches (2ms)
			RebuildScriptCaches (72ms)
			SetupLoadedEditorAssemblies (1409ms)
				LogAssemblyErrors (0ms)
				InitializePlatformSupportModulesInManaged (28ms)
				SetLoadedEditorAssemblies (1ms)
				RefreshPlugins (2ms)
				BeforeProcessingInitializeOnLoad (119ms)
				ProcessInitializeOnLoadAttributes (1116ms)
				ProcessInitializeOnLoadMethodAttributes (123ms)
				AfterProcessingInitializeOnLoad (21ms)
				EditorAssembliesLoaded (0ms)
			ExecutionOrderSort2 (0ms)
			AwakeInstancesAfterBackupRestoration (9ms)
Platform modules already initialized, skipping
Refreshing native plugins compatible for Editor in 1.74 ms, found 3 plugins.
Preloading 0 native plugins for Editor in 0.00 ms.
Unloading 5447 Unused Serialized files (Serialized files now loaded: 0)
Unloading 31 unused Assets / (0.7 MB). Loaded Objects now: 5992.
Memory consumption went from 208.8 MB to 208.1 MB.
Total: 6.375700 ms (FindLiveObjects: 0.878200 ms CreateObjectMapping: 0.337900 ms MarkObjects: 4.627400 ms  DeleteObjects: 0.530800 ms)

AssetImportParameters requested are different than current active one (requested -> active):
  custom:video-decoder-ogg-theora: a1e56fd34408186e4bbccfd4996cb3dc -> 
  custom:container-muxer-webm: aa71ff27fc2769a1b78a27578f13a17b -> 
  custom:container-demuxer-webm: 4f35f7cbe854078d1ac9338744f61a02 -> 
  custom:video-encoder-webm-vp8: eb34c28f22e8b96e1ab97ce403110664 -> 
  custom:video-codec-MediaFoundation-h265: 746d11721c4dcdbdad8f713fa42b33f4 -> 
  custom:CustomObjectIndexerAttribute: 6b0e35c9178b02a6363f3721b7b8e397 -> 
  custom:audio-encoder-webm-vorbis: bf7c407c2cedff20999df2af8eb42d56 -> 
  custom:framework-win-MediaFoundation: 216162199b28c13a410421893ffa2e32 -> 
  custom:SearchIndexIgnoredProperties: e643bd26f0fe6173181afceb89e7c659 -> 
  custom:container-demuxer-ogg: 62fdf1f143b41e24485cea50d1cbac27 -> 
  custom:video-decoder-webm-vp8: 9c59270c3fd7afecdb556c50c9e8de78 -> 
  custom:audio-decoder-ogg-vorbis: bf7c407c2cedff20999df2af8eb42d56 -> 
========================================================================
Received Prepare
Registering precompiled user dll's ...
Registered in 0.024902 seconds.
Begin MonoManager ReloadAssembly
Native extension for WindowsStandalone target not found
Native extension for Android target not found
Refreshing native plugins compatible for Editor in 1.39 ms, found 3 plugins.
Preloading 0 native plugins for Editor in 0.00 ms.
[Package Manager] Server::EnsureServerProcessIsRunning -- launch failed, reason: Unity was launched with the -noUpm command-line argument
[Package Manager] Cannot connect to Unity Package Manager local server
Mono: successfully reloaded assembly
- Completed reload, in  3.030 seconds
Domain Reload Profiling:
	ReloadAssembly (3031ms)
		BeginReloadAssembly (355ms)
			ExecutionOrderSort (1ms)
			DisableScriptedObjects (13ms)
			BackupInstance (0ms)
			ReleaseScriptingObjects (0ms)
			CreateAndSetChildDomain (86ms)
		EndReloadAssembly (2457ms)
			LoadAssemblies (273ms)
			RebuildTransferFunctionScriptingTraits (0ms)
			SetupTypeCache (589ms)
			ReleaseScriptCaches (3ms)
			RebuildScriptCaches (77ms)
			SetupLoadedEditorAssemblies (1520ms)
				LogAssemblyErrors (0ms)
				InitializePlatformSupportModulesInManaged (29ms)
				SetLoadedEditorAssemblies (1ms)
				RefreshPlugins (2ms)
				BeforeProcessingInitializeOnLoad (133ms)
				ProcessInitializeOnLoadAttributes (1207ms)
				ProcessInitializeOnLoadMethodAttributes (122ms)
				AfterProcessingInitializeOnLoad (26ms)
				EditorAssembliesLoaded (0ms)
			ExecutionOrderSort2 (0ms)
			AwakeInstancesAfterBackupRestoration (12ms)
Platform modules already initialized, skipping
Refreshing native plugins compatible for Editor in 1.43 ms, found 3 plugins.
Preloading 0 native plugins for Editor in 0.00 ms.
Unloading 5447 Unused Serialized files (Serialized files now loaded: 0)
Unloading 31 unused Assets / (0.7 MB). Loaded Objects now: 5995.
Memory consumption went from 208.9 MB to 208.2 MB.
Total: 10.448000 ms (FindLiveObjects: 1.040100 ms CreateObjectMapping: 0.436800 ms MarkObjects: 8.448500 ms  DeleteObjects: 0.521000 ms)

AssetImportParameters requested are different than current active one (requested -> active):
  custom:video-decoder-ogg-theora: a1e56fd34408186e4bbccfd4996cb3dc -> 
  custom:container-muxer-webm: aa71ff27fc2769a1b78a27578f13a17b -> 
  custom:container-demuxer-webm: 4f35f7cbe854078d1ac9338744f61a02 -> 
  custom:video-encoder-webm-vp8: eb34c28f22e8b96e1ab97ce403110664 -> 
  custom:video-codec-MediaFoundation-h265: 746d11721c4dcdbdad8f713fa42b33f4 -> 
  custom:CustomObjectIndexerAttribute: 6b0e35c9178b02a6363f3721b7b8e397 -> 
  custom:audio-encoder-webm-vorbis: bf7c407c2cedff20999df2af8eb42d56 -> 
  custom:framework-win-MediaFoundation: 216162199b28c13a410421893ffa2e32 -> 
  custom:SearchIndexIgnoredProperties: e643bd26f0fe6173181afceb89e7c659 -> 
  custom:container-demuxer-ogg: 62fdf1f143b41e24485cea50d1cbac27 -> 
  custom:video-decoder-webm-vp8: 9c59270c3fd7afecdb556c50c9e8de78 -> 
  custom:audio-decoder-ogg-vorbis: bf7c407c2cedff20999df2af8eb42d56 -> 
========================================================================
Received Prepare
Registering precompiled user dll's ...
Registered in 0.022993 seconds.
Begin MonoManager ReloadAssembly
Native extension for WindowsStandalone target not found
Native extension for Android target not found
Refreshing native plugins compatible for Editor in 2.07 ms, found 3 plugins.
Preloading 0 native plugins for Editor in 0.00 ms.
[Package Manager] Server::EnsureServerProcessIsRunning -- launch failed, reason: Unity was launched with the -noUpm command-line argument
[Package Manager] Cannot connect to Unity Package Manager local server
Mono: successfully reloaded assembly
- Completed reload, in  2.895 seconds
Domain Reload Profiling:
	ReloadAssembly (2896ms)
		BeginReloadAssembly (278ms)
			ExecutionOrderSort (0ms)
			DisableScriptedObjects (7ms)
			BackupInstance (0ms)
			ReleaseScriptingObjects (0ms)
			CreateAndSetChildDomain (65ms)
		EndReloadAssembly (2450ms)
			LoadAssemblies (213ms)
			RebuildTransferFunctionScriptingTraits (0ms)
			SetupTypeCache (544ms)
			ReleaseScriptCaches (3ms)
			RebuildScriptCaches (87ms)
			SetupLoadedEditorAssemblies (1573ms)
				LogAssemblyErrors (0ms)
				InitializePlatformSupportModulesInManaged (28ms)
				SetLoadedEditorAssemblies (1ms)
				RefreshPlugins (3ms)
				BeforeProcessingInitializeOnLoad (126ms)
				ProcessInitializeOnLoadAttributes (1246ms)
				ProcessInitializeOnLoadMethodAttributes (151ms)
				AfterProcessingInitializeOnLoad (18ms)
				EditorAssembliesLoaded (0ms)
			ExecutionOrderSort2 (0ms)
			AwakeInstancesAfterBackupRestoration (12ms)
Platform modules already initialized, skipping
Refreshing native plugins compatible for Editor in 2.49 ms, found 3 plugins.
Preloading 0 native plugins for Editor in 0.00 ms.
Unloading 5447 Unused Serialized files (Serialized files now loaded: 0)
Unloading 31 unused Assets / (0.7 MB). Loaded Objects now: 5998.
Memory consumption went from 208.9 MB to 208.2 MB.
Total: 7.255700 ms (FindLiveObjects: 0.597100 ms CreateObjectMapping: 0.309400 ms MarkObjects: 5.803400 ms  DeleteObjects: 0.543800 ms)

AssetImportParameters requested are different than current active one (requested -> active):
  custom:video-decoder-ogg-theora: a1e56fd34408186e4bbccfd4996cb3dc -> 
  custom:container-muxer-webm: aa71ff27fc2769a1b78a27578f13a17b -> 
  custom:container-demuxer-webm: 4f35f7cbe854078d1ac9338744f61a02 -> 
  custom:video-encoder-webm-vp8: eb34c28f22e8b96e1ab97ce403110664 -> 
  custom:video-codec-MediaFoundation-h265: 746d11721c4dcdbdad8f713fa42b33f4 -> 
  custom:CustomObjectIndexerAttribute: 6b0e35c9178b02a6363f3721b7b8e397 -> 
  custom:audio-encoder-webm-vorbis: bf7c407c2cedff20999df2af8eb42d56 -> 
  custom:framework-win-MediaFoundation: 216162199b28c13a410421893ffa2e32 -> 
  custom:SearchIndexIgnoredProperties: e643bd26f0fe6173181afceb89e7c659 -> 
  custom:container-demuxer-ogg: 62fdf1f143b41e24485cea50d1cbac27 -> 
  custom:video-decoder-webm-vp8: 9c59270c3fd7afecdb556c50c9e8de78 -> 
  custom:audio-decoder-ogg-vorbis: bf7c407c2cedff20999df2af8eb42d56 -> 
========================================================================
Received Prepare
Registering precompiled user dll's ...
Registered in 0.035092 seconds.
Begin MonoManager ReloadAssembly
Native extension for WindowsStandalone target not found
Native extension for Android target not found
Refreshing native plugins compatible for Editor in 1.65 ms, found 3 plugins.
Preloading 0 native plugins for Editor in 0.00 ms.
[Package Manager] Server::EnsureServerProcessIsRunning -- launch failed, reason: Unity was launched with the -noUpm command-line argument
[Package Manager] Cannot connect to Unity Package Manager local server
Edgegap requires Json.NET to be imported to function. To import Json.NET navigate to Window -> Package Manager -> Click the + symbol and choose 'Add package by name' -> com.unity.nuget.newtonsoft-json -> Leave version blank and click Add. If you are not currently using Edgegap you may ignore this message.
UnityEngine.StackTraceUtility:ExtractStackTrace ()
UnityEngine.DebugLogHandler:LogFormat (UnityEngine.LogType,UnityEngine.Object,string,object[])
UnityEngine.Logger:Log (UnityEngine.LogType,object)
UnityEngine.Debug:LogWarning (object)
Newtonsoft.Json.FallbackDisplayer:Initialize () (at Assets/FishNet/Plugins/Edgegap/Newtonsoft_Package_Patch.cs:47)
System.Reflection.RuntimeMethodInfo:Invoke (object,System.Reflection.BindingFlags,System.Reflection.Binder,object[],System.Globalization.CultureInfo)
System.Reflection.MethodBase:Invoke (object,object[])
UnityEditor.EditorAssemblies:ProcessInitializeOnLoadMethodAttributes ()

(Filename: Assets/FishNet/Plugins/Edgegap/Newtonsoft_Package_Patch.cs Line: 47)

Mono: successfully reloaded assembly
- Completed reload, in  2.900 seconds
Domain Reload Profiling:
	ReloadAssembly (2901ms)
		BeginReloadAssembly (268ms)
			ExecutionOrderSort (0ms)
			DisableScriptedObjects (8ms)
			BackupInstance (0ms)
			ReleaseScriptingObjects (0ms)
			CreateAndSetChildDomain (65ms)
		EndReloadAssembly (2426ms)
			LoadAssemblies (220ms)
			RebuildTransferFunctionScriptingTraits (0ms)
			SetupTypeCache (561ms)
			ReleaseScriptCaches (3ms)
			RebuildScriptCaches (82ms)
			SetupLoadedEditorAssemblies (1527ms)
				LogAssemblyErrors (0ms)
				InitializePlatformSupportModulesInManaged (28ms)
				SetLoadedEditorAssemblies (1ms)
				RefreshPlugins (2ms)
				BeforeProcessingInitializeOnLoad (136ms)
				ProcessInitializeOnLoadAttributes (1193ms)
				ProcessInitializeOnLoadMethodAttributes (148ms)
				AfterProcessingInitializeOnLoad (19ms)
				EditorAssembliesLoaded (0ms)
			ExecutionOrderSort2 (0ms)
			AwakeInstancesAfterBackupRestoration (12ms)
Platform modules already initialized, skipping
Refreshing native plugins compatible for Editor in 1.87 ms, found 3 plugins.
Preloading 0 native plugins for Editor in 0.00 ms.
Unloading 5447 Unused Serialized files (Serialized files now loaded: 0)
Unloading 31 unused Assets / (0.7 MB). Loaded Objects now: 6001.
Memory consumption went from 208.9 MB to 208.2 MB.
Total: 6.513800 ms (FindLiveObjects: 0.599400 ms CreateObjectMapping: 0.742300 ms MarkObjects: 4.727500 ms  DeleteObjects: 0.443100 ms)

AssetImportParameters requested are different than current active one (requested -> active):
  custom:video-decoder-ogg-theora: a1e56fd34408186e4bbccfd4996cb3dc -> 
  custom:container-muxer-webm: aa71ff27fc2769a1b78a27578f13a17b -> 
  custom:container-demuxer-webm: 4f35f7cbe854078d1ac9338744f61a02 -> 
  custom:video-encoder-webm-vp8: eb34c28f22e8b96e1ab97ce403110664 -> 
  custom:video-codec-MediaFoundation-h265: 746d11721c4dcdbdad8f713fa42b33f4 -> 
  custom:CustomObjectIndexerAttribute: 6b0e35c9178b02a6363f3721b7b8e397 -> 
  custom:audio-encoder-webm-vorbis: bf7c407c2cedff20999df2af8eb42d56 -> 
  custom:framework-win-MediaFoundation: 216162199b28c13a410421893ffa2e32 -> 
  custom:SearchIndexIgnoredProperties: e643bd26f0fe6173181afceb89e7c659 -> 
  custom:container-demuxer-ogg: 62fdf1f143b41e24485cea50d1cbac27 -> 
  custom:video-decoder-webm-vp8: 9c59270c3fd7afecdb556c50c9e8de78 -> 
  custom:audio-decoder-ogg-vorbis: bf7c407c2cedff20999df2af8eb42d56 -> 
========================================================================
Received Prepare
Registering precompiled user dll's ...
Registered in 0.028451 seconds.
Begin MonoManager ReloadAssembly
Native extension for WindowsStandalone target not found
Native extension for Android target not found
Refreshing native plugins compatible for Editor in 1.98 ms, found 3 plugins.
Preloading 0 native plugins for Editor in 0.00 ms.
[Package Manager] Server::EnsureServerProcessIsRunning -- launch failed, reason: Unity was launched with the -noUpm command-line argument
[Package Manager] Cannot connect to Unity Package Manager local server
Mono: successfully reloaded assembly
- Completed reload, in  3.103 seconds
Domain Reload Profiling:
	ReloadAssembly (3104ms)
		BeginReloadAssembly (265ms)
			ExecutionOrderSort (0ms)
			DisableScriptedObjects (10ms)
			BackupInstance (0ms)
			ReleaseScriptingObjects (0ms)
			CreateAndSetChildDomain (62ms)
		EndReloadAssembly (2599ms)
			LoadAssemblies (208ms)
			RebuildTransferFunctionScriptingTraits (0ms)
			SetupTypeCache (625ms)
			ReleaseScriptCaches (3ms)
			RebuildScriptCaches (100ms)
			SetupLoadedEditorAssemblies (1609ms)
				LogAssemblyErrors (0ms)
				InitializePlatformSupportModulesInManaged (29ms)
				SetLoadedEditorAssemblies (1ms)
				RefreshPlugins (2ms)
				BeforeProcessingInitializeOnLoad (136ms)
				ProcessInitializeOnLoadAttributes (1275ms)
				ProcessInitializeOnLoadMethodAttributes (143ms)
				AfterProcessingInitializeOnLoad (22ms)
				EditorAssembliesLoaded (0ms)
			ExecutionOrderSort2 (0ms)
			AwakeInstancesAfterBackupRestoration (10ms)
Platform modules already initialized, skipping
Refreshing native plugins compatible for Editor in 1.33 ms, found 3 plugins.
Preloading 0 native plugins for Editor in 0.00 ms.
Unloading 5447 Unused Serialized files (Serialized files now loaded: 0)
Unloading 31 unused Assets / (0.7 MB). Loaded Objects now: 6004.
Memory consumption went from 208.9 MB to 208.2 MB.
Total: 6.828300 ms (FindLiveObjects: 0.577600 ms CreateObjectMapping: 0.308900 ms MarkObjects: 5.524900 ms  DeleteObjects: 0.415700 ms)

AssetImportParameters requested are different than current active one (requested -> active):
  custom:video-decoder-ogg-theora: a1e56fd34408186e4bbccfd4996cb3dc -> 
  custom:container-muxer-webm: aa71ff27fc2769a1b78a27578f13a17b -> 
  custom:container-demuxer-webm: 4f35f7cbe854078d1ac9338744f61a02 -> 
  custom:video-encoder-webm-vp8: eb34c28f22e8b96e1ab97ce403110664 -> 
  custom:video-codec-MediaFoundation-h265: 746d11721c4dcdbdad8f713fa42b33f4 -> 
  custom:CustomObjectIndexerAttribute: 6b0e35c9178b02a6363f3721b7b8e397 -> 
  custom:audio-encoder-webm-vorbis: bf7c407c2cedff20999df2af8eb42d56 -> 
  custom:framework-win-MediaFoundation: 216162199b28c13a410421893ffa2e32 -> 
  custom:SearchIndexIgnoredProperties: e643bd26f0fe6173181afceb89e7c659 -> 
  custom:container-demuxer-ogg: 62fdf1f143b41e24485cea50d1cbac27 -> 
  custom:video-decoder-webm-vp8: 9c59270c3fd7afecdb556c50c9e8de78 -> 
  custom:audio-decoder-ogg-vorbis: bf7c407c2cedff20999df2af8eb42d56 -> 
========================================================================
Received Import Request.
  Time since last request: 5034.173170 seconds.
  path: Assets/LowPolyMedievalPropsLite/Prefabs/FX
  artifactKey: Guid(2aaa21c1bb4ef9b4388b794772151e25) Importer(815301076,1909f56bfc062723c751e8b465ee728b)
Number of updated assets reloaded before import = 0
Start importing Assets/LowPolyMedievalPropsLite/Prefabs/FX using Guid(2aaa21c1bb4ef9b4388b794772151e25) Importer(815301076,1909f56bfc062723c751e8b465ee728b)  -> (artifact id: 'd374911c5ff8f8528967c858b4447cd8') in 0.044717 seconds 
Number of asset objects unloaded after import = 0
========================================================================
Received Import Request.
  Time since last request: 0.051547 seconds.
  path: Assets/LowPolyMedievalPropsLite/Prefabs/FX/FX_Fire_01.prefab
  artifactKey: Guid(93d1b88863b5d6e4f8bd41fd97feb859) Importer(815301076,1909f56bfc062723c751e8b465ee728b)
Number of updated assets reloaded before import = 0
Start importing Assets/LowPolyMedievalPropsLite/Prefabs/FX/FX_Fire_01.prefab using Guid(93d1b88863b5d6e4f8bd41fd97feb859) Importer(815301076,1909f56bfc062723c751e8b465ee728b)  -> (artifact id: 'fcf0d2002b78da3cf36cec687711d839') in 0.077211 seconds 
Number of asset objects unloaded after import = 10
========================================================================
Received Import Request.
  Time since last request: 16.519895 seconds.
  path: Assets/LowPolyMedievalPropsLite/Models
  artifactKey: Guid(abea0d67571d4a8469a0b65f56674d79) Importer(815301076,1909f56bfc062723c751e8b465ee728b)
Number of updated assets reloaded before import = 0
Start importing Assets/LowPolyMedievalPropsLite/Models using Guid(abea0d67571d4a8469a0b65f56674d79) Importer(815301076,1909f56bfc062723c751e8b465ee728b)  -> (artifact id: 'f09c3e08322434735a1e4f9cbb9b3385') in 0.005175 seconds 
Number of asset objects unloaded after import = 0
========================================================================
Received Import Request.
  Time since last request: 0.079585 seconds.
  path: Assets/LowPolyMedievalPropsLite/Models/Axe_01.fbx
  artifactKey: Guid(a1f67aa07796fb24d9b3adf4cc449805) Importer(815301076,1909f56bfc062723c751e8b465ee728b)
Number of updated assets reloaded before import = 0
Start importing Assets/LowPolyMedievalPropsLite/Models/Axe_01.fbx using Guid(a1f67aa07796fb24d9b3adf4cc449805) Importer(815301076,1909f56bfc062723c751e8b465ee728b)  -> (artifact id: 'dd9a397c45781838c0df1df5f192e397') in 0.048414 seconds 
Number of asset objects unloaded after import = 7
========================================================================
Received Import Request.
  Time since last request: 0.000024 seconds.
  path: Assets/LowPolyMedievalPropsLite/Models/Coin_02.fbx
  artifactKey: Guid(9f092d3d1215931439ad14ba738af38e) Importer(815301076,1909f56bfc062723c751e8b465ee728b)
Number of updated assets reloaded before import = 0
Start importing Assets/LowPolyMedievalPropsLite/Models/Coin_02.fbx using Guid(9f092d3d1215931439ad14ba738af38e) Importer(815301076,1909f56bfc062723c751e8b465ee728b)  -> (artifact id: 'f61634a1d207dda08c0469f174f80bd4') in 0.023274 seconds 
Number of asset objects unloaded after import = 7
========================================================================
Received Import Request.
  Time since last request: 0.000030 seconds.
  path: Assets/LowPolyMedievalPropsLite/Models/Fence_02.fbx
  artifactKey: Guid(9e2a01ecda5258e4590bff3ba5b0393f) Importer(815301076,1909f56bfc062723c751e8b465ee728b)
Number of updated assets reloaded before import = 0
Start importing Assets/LowPolyMedievalPropsLite/Models/Fence_02.fbx using Guid(9e2a01ecda5258e4590bff3ba5b0393f) Importer(815301076,1909f56bfc062723c751e8b465ee728b)  -> (artifact id: 'c212cff81870c78205be94f27c4b8d50') in 0.021534 seconds 
Number of asset objects unloaded after import = 7
========================================================================
Received Import Request.
  Time since last request: 0.000020 seconds.
  path: Assets/LowPolyMedievalPropsLite/Models/Plate_02.fbx
  artifactKey: Guid(9e57ca39a27249d44b5f600c1d24cd5d) Importer(815301076,1909f56bfc062723c751e8b465ee728b)
Number of updated assets reloaded before import = 0
Start importing Assets/LowPolyMedievalPropsLite/Models/Plate_02.fbx using Guid(9e57ca39a27249d44b5f600c1d24cd5d) Importer(815301076,1909f56bfc062723c751e8b465ee728b)  -> (artifact id: '2b8ed9a29c1671687f3a2a80bc0887c7') in 0.021035 seconds 
Number of asset objects unloaded after import = 7
========================================================================
Received Import Request.
  Time since last request: 0.000024 seconds.
  path: Assets/LowPolyMedievalPropsLite/Models/Wineglass_01.fbx
  artifactKey: Guid(1fd35ae0e71bd7849af4d7083c2f1454) Importer(815301076,1909f56bfc062723c751e8b465ee728b)
Number of updated assets reloaded before import = 0
Start importing Assets/LowPolyMedievalPropsLite/Models/Wineglass_01.fbx using Guid(1fd35ae0e71bd7849af4d7083c2f1454) Importer(815301076,1909f56bfc062723c751e8b465ee728b)  -> (artifact id: '4d9873a69e6f37605d7c0499895d3f74') in 0.022767 seconds 
Number of asset objects unloaded after import = 7
========================================================================
Received Import Request.
  Time since last request: 0.000022 seconds.
  path: Assets/LowPolyMedievalPropsLite/Models/Candle_03.fbx
  artifactKey: Guid(5dcd92043d7b0884caca6772c1469673) Importer(815301076,1909f56bfc062723c751e8b465ee728b)
Number of updated assets reloaded before import = 0
Start importing Assets/LowPolyMedievalPropsLite/Models/Candle_03.fbx using Guid(5dcd92043d7b0884caca6772c1469673) Importer(815301076,1909f56bfc062723c751e8b465ee728b)  -> (artifact id: '0eeaf79de359aa5822c8ea57661f450f') in 0.017202 seconds 
Number of asset objects unloaded after import = 7
========================================================================
Received Import Request.
  Time since last request: 0.000021 seconds.
  path: Assets/LowPolyMedievalPropsLite/Models/Food_05.fbx
  artifactKey: Guid(416cb7e11aa1a4047a5209e5ade3e35c) Importer(815301076,1909f56bfc062723c751e8b465ee728b)
Number of updated assets reloaded before import = 0
Start importing Assets/LowPolyMedievalPropsLite/Models/Food_05.fbx using Guid(416cb7e11aa1a4047a5209e5ade3e35c) Importer(815301076,1909f56bfc062723c751e8b465ee728b)  -> (artifact id: 'd198d9db1dec9d51b4b7900bbd2fdb14') in 0.023046 seconds 
Number of asset objects unloaded after import = 7
========================================================================
Received Import Request.
  Time since last request: 0.000018 seconds.
  path: Assets/LowPolyMedievalPropsLite/Models/Coin_03.fbx
  artifactKey: Guid(d49e7ca80a40b5943b92c8b1621f5411) Importer(815301076,1909f56bfc062723c751e8b465ee728b)
Number of updated assets reloaded before import = 0
Start importing Assets/LowPolyMedievalPropsLite/Models/Coin_03.fbx using Guid(d49e7ca80a40b5943b92c8b1621f5411) Importer(815301076,1909f56bfc062723c751e8b465ee728b)  -> (artifact id: 'ab7e986149805d39c74501d6b38b4229') in 0.015070 seconds 
Number of asset objects unloaded after import = 7
========================================================================
Received Import Request.
  Time since last request: 0.000018 seconds.
  path: Assets/LowPolyMedievalPropsLite/Models/Cup_02.fbx
  artifactKey: Guid(62419620f07825b47bc717f663da6e9c) Importer(815301076,1909f56bfc062723c751e8b465ee728b)
Number of updated assets reloaded before import = 0
Start importing Assets/LowPolyMedievalPropsLite/Models/Cup_02.fbx using Guid(62419620f07825b47bc717f663da6e9c) Importer(815301076,1909f56bfc062723c751e8b465ee728b)  -> (artifact id: '921e83c014bc2f3fb7328ed5d9c284a1') in 0.021530 seconds 
Number of asset objects unloaded after import = 7
========================================================================
Received Import Request.
  Time since last request: 0.000023 seconds.
  path: Assets/LowPolyMedievalPropsLite/Models/Food_02.fbx
  artifactKey: Guid(6fe7dcc4259a56f48a849e7ff954d529) Importer(815301076,1909f56bfc062723c751e8b465ee728b)
Number of updated assets reloaded before import = 0
Start importing Assets/LowPolyMedievalPropsLite/Models/Food_02.fbx using Guid(6fe7dcc4259a56f48a849e7ff954d529) Importer(815301076,1909f56bfc062723c751e8b465ee728b)  -> (artifact id: '7ecc3032a1b3aa3ec3c3a147f5dfa316') in 0.020471 seconds 
Number of asset objects unloaded after import = 7
========================================================================
Received Import Request.
  Time since last request: 0.000027 seconds.
  path: Assets/LowPolyMedievalPropsLite/Models/Barrel_01.fbx
  artifactKey: Guid(4b794b6ae7f5ee74fa07f8325d11e9e9) Importer(815301076,1909f56bfc062723c751e8b465ee728b)
Number of updated assets reloaded before import = 0
Start importing Assets/LowPolyMedievalPropsLite/Models/Barrel_01.fbx using Guid(4b794b6ae7f5ee74fa07f8325d11e9e9) Importer(815301076,1909f56bfc062723c751e8b465ee728b)  -> (artifact id: 'b694a25e72d6c5d7f81f46c32b0b332f') in 0.017259 seconds 
Number of asset objects unloaded after import = 7
========================================================================
Received Import Request.
  Time since last request: 0.000030 seconds.
  path: Assets/LowPolyMedievalPropsLite/Models/Furniture_01.fbx
  artifactKey: Guid(76437dde85b553a448feac48309ee249) Importer(815301076,1909f56bfc062723c751e8b465ee728b)
Number of updated assets reloaded before import = 0
Start importing Assets/LowPolyMedievalPropsLite/Models/Furniture_01.fbx using Guid(76437dde85b553a448feac48309ee249) Importer(815301076,1909f56bfc062723c751e8b465ee728b)  -> (artifact id: 'c0978917eaafdf12a197725bd0026719') in 0.014585 seconds 
Number of asset objects unloaded after import = 7
========================================================================
Received Import Request.
  Time since last request: 0.000037 seconds.
  path: Assets/LowPolyMedievalPropsLite/Models/Jug_03.fbx
  artifactKey: Guid(b66f4a89823db1e43838b6eb638af923) Importer(815301076,1909f56bfc062723c751e8b465ee728b)
Number of updated assets reloaded before import = 0
Start importing Assets/LowPolyMedievalPropsLite/Models/Jug_03.fbx using Guid(b66f4a89823db1e43838b6eb638af923) Importer(815301076,1909f56bfc062723c751e8b465ee728b)  -> (artifact id: '1c29ad1751b15c89d1e7f3b8da890eb5') in 0.018122 seconds 
Number of asset objects unloaded after import = 7
========================================================================
Received Import Request.
  Time since last request: 0.000023 seconds.
  path: Assets/LowPolyMedievalPropsLite/Models/Food_03.fbx
  artifactKey: Guid(9831a843c0fcb604c98a6ca97736e043) Importer(815301076,1909f56bfc062723c751e8b465ee728b)
Number of updated assets reloaded before import = 0
Start importing Assets/LowPolyMedievalPropsLite/Models/Food_03.fbx using Guid(9831a843c0fcb604c98a6ca97736e043) Importer(815301076,1909f56bfc062723c751e8b465ee728b)  -> (artifact id: '6f9065d7997f44d1c0becc2fd206aab3') in 0.017359 seconds 
Number of asset objects unloaded after import = 7
========================================================================
Received Import Request.
  Time since last request: 0.000024 seconds.
  path: Assets/LowPolyMedievalPropsLite/Models/Cup_01.fbx
  artifactKey: Guid(dd79d1ed7df62f648869bb9fca16062a) Importer(815301076,1909f56bfc062723c751e8b465ee728b)
Number of updated assets reloaded before import = 0
Start importing Assets/LowPolyMedievalPropsLite/Models/Cup_01.fbx using Guid(dd79d1ed7df62f648869bb9fca16062a) Importer(815301076,1909f56bfc062723c751e8b465ee728b)  -> (artifact id: '8b7995c72fe6404b0c46e8830fc5e630') in 0.018444 seconds 
Number of asset objects unloaded after import = 7
========================================================================
Received Import Request.
  Time since last request: 0.000021 seconds.
  path: Assets/LowPolyMedievalPropsLite/Models/Coin_01.fbx
  artifactKey: Guid(ee52ceccec10ae646a2fb8ff368687f6) Importer(815301076,1909f56bfc062723c751e8b465ee728b)
Number of updated assets reloaded before import = 0
Start importing Assets/LowPolyMedievalPropsLite/Models/Coin_01.fbx using Guid(ee52ceccec10ae646a2fb8ff368687f6) Importer(815301076,1909f56bfc062723c751e8b465ee728b)  -> (artifact id: 'ce42daa96325121451517831d8285e1c') in 0.016920 seconds 
Number of asset objects unloaded after import = 7
========================================================================
Received Import Request.
  Time since last request: 0.000023 seconds.
  path: Assets/LowPolyMedievalPropsLite/Models/Plate_01.fbx
  artifactKey: Guid(16b6f277b2d633845aee28a5d6b6c129) Importer(815301076,1909f56bfc062723c751e8b465ee728b)
Number of updated assets reloaded before import = 0
Start importing Assets/LowPolyMedievalPropsLite/Models/Plate_01.fbx using Guid(16b6f277b2d633845aee28a5d6b6c129) Importer(815301076,1909f56bfc062723c751e8b465ee728b)  -> (artifact id: '47888d433703529779a9a8e6b264aac6') in 0.020667 seconds 
Number of asset objects unloaded after import = 7
========================================================================
Received Import Request.
  Time since last request: 0.000023 seconds.
  path: Assets/LowPolyMedievalPropsLite/Models/Candle_01.fbx
  artifactKey: Guid(101d69a2d9a63e14ea79b02a6a8a8b3a) Importer(815301076,1909f56bfc062723c751e8b465ee728b)
Number of updated assets reloaded before import = 0
Start importing Assets/LowPolyMedievalPropsLite/Models/Candle_01.fbx using Guid(101d69a2d9a63e14ea79b02a6a8a8b3a) Importer(815301076,1909f56bfc062723c751e8b465ee728b)  -> (artifact id: '6d6b7c0dafb03ef3a5f488cea4302661') in 0.026723 seconds 
Number of asset objects unloaded after import = 7
========================================================================
Received Import Request.
  Time since last request: 0.000026 seconds.
  path: Assets/LowPolyMedievalPropsLite/Models/Pointer_02.fbx
  artifactKey: Guid(9a1e64764b6eb9247813d7bd3c104271) Importer(815301076,1909f56bfc062723c751e8b465ee728b)
Number of updated assets reloaded before import = 0
Start importing Assets/LowPolyMedievalPropsLite/Models/Pointer_02.fbx using Guid(9a1e64764b6eb9247813d7bd3c104271) Importer(815301076,1909f56bfc062723c751e8b465ee728b)  -> (artifact id: 'd7291b1e831ed9b5901fa5ef14c9b2c0') in 0.016870 seconds 
Number of asset objects unloaded after import = 7
========================================================================
Received Import Request.
  Time since last request: 0.000022 seconds.
  path: Assets/LowPolyMedievalPropsLite/Models/Bottle_03.fbx
  artifactKey: Guid(4d19b51c95d71784f9d606a01f2b05d5) Importer(815301076,1909f56bfc062723c751e8b465ee728b)
Number of updated assets reloaded before import = 0
Start importing Assets/LowPolyMedievalPropsLite/Models/Bottle_03.fbx using Guid(4d19b51c95d71784f9d606a01f2b05d5) Importer(815301076,1909f56bfc062723c751e8b465ee728b)  -> (artifact id: 'e977ffc7a8b8a80c4394c0301173fc41') in 0.025261 seconds 
Number of asset objects unloaded after import = 7
========================================================================
Received Import Request.
  Time since last request: 0.000052 seconds.
  path: Assets/LowPolyMedievalPropsLite/Models/Food_01.fbx
  artifactKey: Guid(6fd11993b5248a4428c9af6a3180861a) Importer(815301076,1909f56bfc062723c751e8b465ee728b)
Number of updated assets reloaded before import = 0
Start importing Assets/LowPolyMedievalPropsLite/Models/Food_01.fbx using Guid(6fd11993b5248a4428c9af6a3180861a) Importer(815301076,1909f56bfc062723c751e8b465ee728b)  -> (artifact id: '22a6cfe474fe4fde11ae34c02480603a') in 0.016930 seconds 
Number of asset objects unloaded after import = 7
========================================================================
Received Import Request.
  Time since last request: 0.000020 seconds.
  path: Assets/LowPolyMedievalPropsLite/Models/Furniture_03.fbx
  artifactKey: Guid(5bd5826050924dd409e479e212a4eeb4) Importer(815301076,1909f56bfc062723c751e8b465ee728b)
Number of updated assets reloaded before import = 0
Start importing Assets/LowPolyMedievalPropsLite/Models/Furniture_03.fbx using Guid(5bd5826050924dd409e479e212a4eeb4) Importer(815301076,1909f56bfc062723c751e8b465ee728b)  -> (artifact id: '18359b6cf54101bda73351d4b37f4328') in 0.016684 seconds 
Number of asset objects unloaded after import = 7
========================================================================
Received Import Request.
  Time since last request: 0.000021 seconds.
  path: Assets/LowPolyMedievalPropsLite/Models/Pointer_03.fbx
  artifactKey: Guid(7311e36b7f5a8af48b4bed3fa6c529c4) Importer(815301076,1909f56bfc062723c751e8b465ee728b)
Number of updated assets reloaded before import = 0
Start importing Assets/LowPolyMedievalPropsLite/Models/Pointer_03.fbx using Guid(7311e36b7f5a8af48b4bed3fa6c529c4) Importer(815301076,1909f56bfc062723c751e8b465ee728b)  -> (artifact id: '59fc70fd9b58e74293926b2264f0f784') in 0.014643 seconds 
Number of asset objects unloaded after import = 7
========================================================================
Received Import Request.
  Time since last request: 0.000023 seconds.
  path: Assets/LowPolyMedievalPropsLite/Models/Jug_02.fbx
  artifactKey: Guid(c73650acad4060244b124f0de701ad05) Importer(815301076,1909f56bfc062723c751e8b465ee728b)
Number of updated assets reloaded before import = 0
Start importing Assets/LowPolyMedievalPropsLite/Models/Jug_02.fbx using Guid(c73650acad4060244b124f0de701ad05) Importer(815301076,1909f56bfc062723c751e8b465ee728b)  -> (artifact id: '8facbaa8461611d55cdd096d005bca09') in 0.015585 seconds 
Number of asset objects unloaded after import = 7
========================================================================
Received Import Request.
  Time since last request: 0.443035 seconds.
  path: Assets/LowPolyMedievalPropsLite/Models/WoodPlank_01.fbx
  artifactKey: Guid(1bcb6074cb3631d44acfddc621ebbeae) Importer(815301076,1909f56bfc062723c751e8b465ee728b)
Number of updated assets reloaded before import = 0
Start importing Assets/LowPolyMedievalPropsLite/Models/WoodPlank_01.fbx using Guid(1bcb6074cb3631d44acfddc621ebbeae) Importer(815301076,1909f56bfc062723c751e8b465ee728b)  -> (artifact id: '3c4812d0ab1635169c05493b7241324e') in 0.013411 seconds 
Number of asset objects unloaded after import = 7
========================================================================
Received Import Request.
  Time since last request: 0.000017 seconds.
  path: Assets/LowPolyMedievalPropsLite/Models/WoodPlank_03.fbx
  artifactKey: Guid(bb951294ce1af384fa25422039d2609f) Importer(815301076,1909f56bfc062723c751e8b465ee728b)
Number of updated assets reloaded before import = 0
Start importing Assets/LowPolyMedievalPropsLite/Models/WoodPlank_03.fbx using Guid(bb951294ce1af384fa25422039d2609f) Importer(815301076,1909f56bfc062723c751e8b465ee728b)  -> (artifact id: 'db4bd358e366480c18561b9ef43948c9') in 0.014752 seconds 
Number of asset objects unloaded after import = 7
========================================================================
Received Prepare
Registering precompiled user dll's ...
Registered in 0.012492 seconds.
Begin MonoManager ReloadAssembly
Native extension for WindowsStandalone target not found
Native extension for Android target not found
Refreshing native plugins compatible for Editor in 1.21 ms, found 3 plugins.
Preloading 0 native plugins for Editor in 0.00 ms.
[Package Manager] Server::EnsureServerProcessIsRunning -- launch failed, reason: Unity was launched with the -noUpm command-line argument
[Package Manager] Cannot connect to Unity Package Manager local server
Edgegap requires Json.NET to be imported to function. To import Json.NET navigate to Window -> Package Manager -> Click the + symbol and choose 'Add package by name' -> com.unity.nuget.newtonsoft-json -> Leave version blank and click Add. If you are not currently using Edgegap you may ignore this message.
UnityEngine.StackTraceUtility:ExtractStackTrace ()
UnityEngine.DebugLogHandler:LogFormat (UnityEngine.LogType,UnityEngine.Object,string,object[])
UnityEngine.Logger:Log (UnityEngine.LogType,object)
UnityEngine.Debug:LogWarning (object)
Newtonsoft.Json.FallbackDisplayer:Initialize () (at Assets/FishNet/Plugins/Edgegap/Newtonsoft_Package_Patch.cs:47)
System.Reflection.RuntimeMethodInfo:Invoke (object,System.Reflection.BindingFlags,System.Reflection.Binder,object[],System.Globalization.CultureInfo)
System.Reflection.MethodBase:Invoke (object,object[])
UnityEditor.EditorAssemblies:ProcessInitializeOnLoadMethodAttributes ()

(Filename: Assets/FishNet/Plugins/Edgegap/Newtonsoft_Package_Patch.cs Line: 47)

Mono: successfully reloaded assembly
- Completed reload, in  1.881 seconds
Domain Reload Profiling:
	ReloadAssembly (1882ms)
		BeginReloadAssembly (209ms)
			ExecutionOrderSort (0ms)
			DisableScriptedObjects (5ms)
			BackupInstance (0ms)
			ReleaseScriptingObjects (0ms)
			CreateAndSetChildDomain (73ms)
		EndReloadAssembly (1560ms)
			LoadAssemblies (135ms)
			RebuildTransferFunctionScriptingTraits (0ms)
			SetupTypeCache (336ms)
			ReleaseScriptCaches (3ms)
			RebuildScriptCaches (52ms)
			SetupLoadedEditorAssemblies (1024ms)
				LogAssemblyErrors (0ms)
				InitializePlatformSupportModulesInManaged (16ms)
				SetLoadedEditorAssemblies (0ms)
				RefreshPlugins (1ms)
				BeforeProcessingInitializeOnLoad (71ms)
				ProcessInitializeOnLoadAttributes (839ms)
				ProcessInitializeOnLoadMethodAttributes (85ms)
				AfterProcessingInitializeOnLoad (11ms)
				EditorAssembliesLoaded (0ms)
			ExecutionOrderSort2 (0ms)
			AwakeInstancesAfterBackupRestoration (7ms)
Platform modules already initialized, skipping
Refreshing native plugins compatible for Editor in 1.43 ms, found 3 plugins.
Preloading 0 native plugins for Editor in 0.00 ms.
Unloading 5447 Unused Serialized files (Serialized files now loaded: 0)
Unloading 31 unused Assets / (0.7 MB). Loaded Objects now: 6011.
Memory consumption went from 209.1 MB to 208.5 MB.
Total: 5.386000 ms (FindLiveObjects: 0.675000 ms CreateObjectMapping: 0.737100 ms MarkObjects: 3.498500 ms  DeleteObjects: 0.473800 ms)

AssetImportParameters requested are different than current active one (requested -> active):
  custom:video-decoder-ogg-theora: a1e56fd34408186e4bbccfd4996cb3dc -> 
  custom:container-muxer-webm: aa71ff27fc2769a1b78a27578f13a17b -> 
  custom:container-demuxer-webm: 4f35f7cbe854078d1ac9338744f61a02 -> 
  custom:video-encoder-webm-vp8: eb34c28f22e8b96e1ab97ce403110664 -> 
  custom:video-codec-MediaFoundation-h265: 746d11721c4dcdbdad8f713fa42b33f4 -> 
  custom:CustomObjectIndexerAttribute: 6b0e35c9178b02a6363f3721b7b8e397 -> 
  custom:audio-encoder-webm-vorbis: bf7c407c2cedff20999df2af8eb42d56 -> 
  custom:framework-win-MediaFoundation: 216162199b28c13a410421893ffa2e32 -> 
  custom:SearchIndexIgnoredProperties: e643bd26f0fe6173181afceb89e7c659 -> 
  custom:container-demuxer-ogg: 62fdf1f143b41e24485cea50d1cbac27 -> 
  custom:video-decoder-webm-vp8: 9c59270c3fd7afecdb556c50c9e8de78 -> 
  custom:audio-decoder-ogg-vorbis: bf7c407c2cedff20999df2af8eb42d56 -> 
========================================================================
Received Prepare
Registering precompiled user dll's ...
Registered in 0.012426 seconds.
Begin MonoManager ReloadAssembly
Native extension for WindowsStandalone target not found
Native extension for Android target not found
Refreshing native plugins compatible for Editor in 1.38 ms, found 3 plugins.
Preloading 0 native plugins for Editor in 0.00 ms.
[Package Manager] Server::EnsureServerProcessIsRunning -- launch failed, reason: Unity was launched with the -noUpm command-line argument
[Package Manager] Cannot connect to Unity Package Manager local server
Mono: successfully reloaded assembly
- Completed reload, in  1.907 seconds
Domain Reload Profiling:
	ReloadAssembly (1908ms)
		BeginReloadAssembly (174ms)
			ExecutionOrderSort (0ms)
			DisableScriptedObjects (4ms)
			BackupInstance (0ms)
			ReleaseScriptingObjects (0ms)
			CreateAndSetChildDomain (45ms)
		EndReloadAssembly (1629ms)
			LoadAssemblies (129ms)
			RebuildTransferFunctionScriptingTraits (0ms)
			SetupTypeCache (333ms)
			ReleaseScriptCaches (2ms)
			RebuildScriptCaches (53ms)
			SetupLoadedEditorAssemblies (1093ms)
				LogAssemblyErrors (0ms)
				InitializePlatformSupportModulesInManaged (16ms)
				SetLoadedEditorAssemblies (0ms)
				RefreshPlugins (2ms)
				BeforeProcessingInitializeOnLoad (76ms)
				ProcessInitializeOnLoadAttributes (887ms)
				ProcessInitializeOnLoadMethodAttributes (95ms)
				AfterProcessingInitializeOnLoad (16ms)
				EditorAssembliesLoaded (0ms)
			ExecutionOrderSort2 (0ms)
			AwakeInstancesAfterBackupRestoration (8ms)
Platform modules already initialized, skipping
Refreshing native plugins compatible for Editor in 1.67 ms, found 3 plugins.
Preloading 0 native plugins for Editor in 0.00 ms.
Unloading 5447 Unused Serialized files (Serialized files now loaded: 0)
Unloading 31 unused Assets / (0.7 MB). Loaded Objects now: 6014.
Memory consumption went from 209.2 MB to 208.5 MB.
Total: 8.281700 ms (FindLiveObjects: 0.874800 ms CreateObjectMapping: 0.435000 ms MarkObjects: 6.592600 ms  DeleteObjects: 0.377700 ms)

AssetImportParameters requested are different than current active one (requested -> active):
  custom:video-decoder-ogg-theora: a1e56fd34408186e4bbccfd4996cb3dc -> 
  custom:container-muxer-webm: aa71ff27fc2769a1b78a27578f13a17b -> 
  custom:container-demuxer-webm: 4f35f7cbe854078d1ac9338744f61a02 -> 
  custom:video-encoder-webm-vp8: eb34c28f22e8b96e1ab97ce403110664 -> 
  custom:video-codec-MediaFoundation-h265: 746d11721c4dcdbdad8f713fa42b33f4 -> 
  custom:CustomObjectIndexerAttribute: 6b0e35c9178b02a6363f3721b7b8e397 -> 
  custom:audio-encoder-webm-vorbis: bf7c407c2cedff20999df2af8eb42d56 -> 
  custom:framework-win-MediaFoundation: 216162199b28c13a410421893ffa2e32 -> 
  custom:SearchIndexIgnoredProperties: e643bd26f0fe6173181afceb89e7c659 -> 
  custom:container-demuxer-ogg: 62fdf1f143b41e24485cea50d1cbac27 -> 
  custom:video-decoder-webm-vp8: 9c59270c3fd7afecdb556c50c9e8de78 -> 
  custom:audio-decoder-ogg-vorbis: bf7c407c2cedff20999df2af8eb42d56 -> 
========================================================================
Received Import Request.
  Time since last request: 1749.083728 seconds.
  path: Assets/ithappy/Fantasy_FREE/Scenes
  artifactKey: Guid(60d30bf2ca34f9e46b0da8fc43fe5985) Importer(815301076,1909f56bfc062723c751e8b465ee728b)
Number of updated assets reloaded before import = 0
Start importing Assets/ithappy/Fantasy_FREE/Scenes using Guid(60d30bf2ca34f9e46b0da8fc43fe5985) Importer(815301076,1909f56bfc062723c751e8b465ee728b)  -> (artifact id: '2dc8ebe038ba4db1e6cb53b4bc3d23fe') in 0.016349 seconds 
Number of asset objects unloaded after import = 0
========================================================================
Received Import Request.
  Time since last request: 2.150996 seconds.
  path: Assets/ithappy/Fantasy_FREE/Scenes/Overview.unity
  artifactKey: Guid(c0008eef5c92c8f40b87595f9f6906cc) Importer(815301076,1909f56bfc062723c751e8b465ee728b)
Number of updated assets reloaded before import = 0
Start importing Assets/ithappy/Fantasy_FREE/Scenes/Overview.unity using Guid(c0008eef5c92c8f40b87595f9f6906cc) Importer(815301076,1909f56bfc062723c751e8b465ee728b)  -> (artifact id: '807b100329d42c7652d51ded033514ec') in 0.005146 seconds 
Number of asset objects unloaded after import = 0
========================================================================
Received Import Request.
  Time since last request: 14.817908 seconds.
  path: Assets/Scenes
  artifactKey: Guid(074207d3e14bc6c4bba1d95652b00db7) Importer(815301076,1909f56bfc062723c751e8b465ee728b)
Number of updated assets reloaded before import = 0
Start importing Assets/Scenes using Guid(074207d3e14bc6c4bba1d95652b00db7) Importer(815301076,1909f56bfc062723c751e8b465ee728b)  -> (artifact id: '80fc529c94a8ee7fd907a1d682b92eb5') in 0.005024 seconds 
Number of asset objects unloaded after import = 0
========================================================================
Received Import Request.
  Time since last request: 1.517472 seconds.
  path: Assets/Scenes/SampleScene.unity
  artifactKey: Guid(9fc0d4010bbf28b4594072e72b8655ab) Importer(815301076,1909f56bfc062723c751e8b465ee728b)
Number of updated assets reloaded before import = 0
Start importing Assets/Scenes/SampleScene.unity using Guid(9fc0d4010bbf28b4594072e72b8655ab) Importer(815301076,1909f56bfc062723c751e8b465ee728b)  -> (artifact id: 'a94c48549d5114f197668261f04bbcaa') in 0.004702 seconds 
Number of asset objects unloaded after import = 0
========================================================================
Received Import Request.
  Time since last request: 61.296658 seconds.
  path: Assets/LowPolyMedievalPropsLite/LowPolyMedievalPropsLite_2020.3.0_HDRP_v1.0.unitypackage
  artifactKey: Guid(518d1c1a2372e38479ca8a25bc9b0ee8) Importer(815301076,1909f56bfc062723c751e8b465ee728b)
Number of updated assets reloaded before import = 0
Start importing Assets/LowPolyMedievalPropsLite/LowPolyMedievalPropsLite_2020.3.0_HDRP_v1.0.unitypackage using Guid(518d1c1a2372e38479ca8a25bc9b0ee8) Importer(815301076,1909f56bfc062723c751e8b465ee728b)  -> (artifact id: '1c5971b11898fecb5cf5851aed0bf7cc') in 0.017228 seconds 
Number of asset objects unloaded after import = 1
========================================================================
Received Import Request.
  Time since last request: 4.696898 seconds.
  path: Assets/LowPolyMedievalPropsLite/LowPolyMedievalPropsLite_2020.3.0_URP_v1.0.unitypackage
  artifactKey: Guid(0aab1b18335e60849a9f0e022e548980) Importer(815301076,1909f56bfc062723c751e8b465ee728b)
Number of updated assets reloaded before import = 0
Start importing Assets/LowPolyMedievalPropsLite/LowPolyMedievalPropsLite_2020.3.0_URP_v1.0.unitypackage using Guid(0aab1b18335e60849a9f0e022e548980) Importer(815301076,1909f56bfc062723c751e8b465ee728b)  -> (artifact id: 'a0d2d0536c5d9c711f7acb22ab4f019f') in 0.006886 seconds 
Number of asset objects unloaded after import = 1
========================================================================
Received Prepare
Registering precompiled user dll's ...
Registered in 0.012459 seconds.
Begin MonoManager ReloadAssembly
Native extension for WindowsStandalone target not found
Native extension for Android target not found
Refreshing native plugins compatible for Editor in 1.28 ms, found 3 plugins.
Preloading 0 native plugins for Editor in 0.00 ms.
[Package Manager] Server::EnsureServerProcessIsRunning -- launch failed, reason: Unity was launched with the -noUpm command-line argument
[Package Manager] Cannot connect to Unity Package Manager local server
Mono: successfully reloaded assembly
- Completed reload, in  1.783 seconds
Domain Reload Profiling:
	ReloadAssembly (1784ms)
		BeginReloadAssembly (154ms)
			ExecutionOrderSort (0ms)
			DisableScriptedObjects (4ms)
			BackupInstance (0ms)
			ReleaseScriptingObjects (0ms)
			CreateAndSetChildDomain (41ms)
		EndReloadAssembly (1516ms)
			LoadAssemblies (122ms)
			RebuildTransferFunctionScriptingTraits (0ms)
			SetupTypeCache (317ms)
			ReleaseScriptCaches (2ms)
			RebuildScriptCaches (51ms)
			SetupLoadedEditorAssemblies (997ms)
				LogAssemblyErrors (0ms)
				InitializePlatformSupportModulesInManaged (17ms)
				SetLoadedEditorAssemblies (0ms)
				RefreshPlugins (1ms)
				BeforeProcessingInitializeOnLoad (81ms)
				ProcessInitializeOnLoadAttributes (809ms)
				ProcessInitializeOnLoadMethodAttributes (76ms)
				AfterProcessingInitializeOnLoad (12ms)
				EditorAssembliesLoaded (0ms)
			ExecutionOrderSort2 (0ms)
			AwakeInstancesAfterBackupRestoration (7ms)
Platform modules already initialized, skipping
Refreshing native plugins compatible for Editor in 1.07 ms, found 3 plugins.
Preloading 0 native plugins for Editor in 0.00 ms.
Unloading 5447 Unused Serialized files (Serialized files now loaded: 0)
Unloading 31 unused Assets / (0.7 MB). Loaded Objects now: 6018.
Memory consumption went from 209.8 MB to 209.1 MB.
Total: 4.465400 ms (FindLiveObjects: 0.500000 ms CreateObjectMapping: 0.248300 ms MarkObjects: 3.325000 ms  DeleteObjects: 0.390700 ms)

AssetImportParameters requested are different than current active one (requested -> active):
  custom:video-decoder-ogg-theora: a1e56fd34408186e4bbccfd4996cb3dc -> 
  custom:container-muxer-webm: aa71ff27fc2769a1b78a27578f13a17b -> 
  custom:container-demuxer-webm: 4f35f7cbe854078d1ac9338744f61a02 -> 
  custom:video-encoder-webm-vp8: eb34c28f22e8b96e1ab97ce403110664 -> 
  custom:video-codec-MediaFoundation-h265: 746d11721c4dcdbdad8f713fa42b33f4 -> 
  custom:CustomObjectIndexerAttribute: 6b0e35c9178b02a6363f3721b7b8e397 -> 
  custom:audio-encoder-webm-vorbis: bf7c407c2cedff20999df2af8eb42d56 -> 
  custom:framework-win-MediaFoundation: 216162199b28c13a410421893ffa2e32 -> 
  custom:SearchIndexIgnoredProperties: e643bd26f0fe6173181afceb89e7c659 -> 
  custom:container-demuxer-ogg: 62fdf1f143b41e24485cea50d1cbac27 -> 
  custom:video-decoder-webm-vp8: 9c59270c3fd7afecdb556c50c9e8de78 -> 
  custom:audio-decoder-ogg-vorbis: bf7c407c2cedff20999df2af8eb42d56 -> 
========================================================================
Received Import Request.
  Time since last request: 395.874299 seconds.
  path: Assets/Scripts/PlayerController.cs
  artifactKey: Guid(1ecde495a4c8546488ab54df3b156560) Importer(815301076,1909f56bfc062723c751e8b465ee728b)
Number of updated assets reloaded before import = 0
Start importing Assets/Scripts/PlayerController.cs using Guid(1ecde495a4c8546488ab54df3b156560) Importer(815301076,1909f56bfc062723c751e8b465ee728b)  -> (artifact id: '37ac0ade45c09aa28bfa1e3196b6bb19') in 0.022976 seconds 
Number of asset objects unloaded after import = 0
========================================================================
Received Prepare
Registering precompiled user dll's ...
Registered in 0.011887 seconds.
Begin MonoManager ReloadAssembly
Native extension for WindowsStandalone target not found
Native extension for Android target not found
Refreshing native plugins compatible for Editor in 1.10 ms, found 3 plugins.
Preloading 0 native plugins for Editor in 0.00 ms.
[Package Manager] Server::EnsureServerProcessIsRunning -- launch failed, reason: Unity was launched with the -noUpm command-line argument
[Package Manager] Cannot connect to Unity Package Manager local server
Edgegap requires Json.NET to be imported to function. To import Json.NET navigate to Window -> Package Manager -> Click the + symbol and choose 'Add package by name' -> com.unity.nuget.newtonsoft-json -> Leave version blank and click Add. If you are not currently using Edgegap you may ignore this message.
UnityEngine.StackTraceUtility:ExtractStackTrace ()
UnityEngine.DebugLogHandler:LogFormat (UnityEngine.LogType,UnityEngine.Object,string,object[])
UnityEngine.Logger:Log (UnityEngine.LogType,object)
UnityEngine.Debug:LogWarning (object)
Newtonsoft.Json.FallbackDisplayer:Initialize () (at Assets/FishNet/Plugins/Edgegap/Newtonsoft_Package_Patch.cs:47)
System.Reflection.RuntimeMethodInfo:Invoke (object,System.Reflection.BindingFlags,System.Reflection.Binder,object[],System.Globalization.CultureInfo)
System.Reflection.MethodBase:Invoke (object,object[])
UnityEditor.EditorAssemblies:ProcessInitializeOnLoadMethodAttributes ()

(Filename: Assets/FishNet/Plugins/Edgegap/Newtonsoft_Package_Patch.cs Line: 47)

Mono: successfully reloaded assembly
- Completed reload, in  1.813 seconds
Domain Reload Profiling:
	ReloadAssembly (1814ms)
		BeginReloadAssembly (183ms)
			ExecutionOrderSort (0ms)
			DisableScriptedObjects (4ms)
			BackupInstance (0ms)
			ReleaseScriptingObjects (0ms)
			CreateAndSetChildDomain (53ms)
		EndReloadAssembly (1521ms)
			LoadAssemblies (133ms)
			RebuildTransferFunctionScriptingTraits (0ms)
			SetupTypeCache (318ms)
			ReleaseScriptCaches (2ms)
			RebuildScriptCaches (50ms)
			SetupLoadedEditorAssemblies (1008ms)
				LogAssemblyErrors (0ms)
				InitializePlatformSupportModulesInManaged (16ms)
				SetLoadedEditorAssemblies (0ms)
				RefreshPlugins (1ms)
				BeforeProcessingInitializeOnLoad (76ms)
				ProcessInitializeOnLoadAttributes (825ms)
				ProcessInitializeOnLoadMethodAttributes (77ms)
				AfterProcessingInitializeOnLoad (11ms)
				EditorAssembliesLoaded (0ms)
			ExecutionOrderSort2 (0ms)
			AwakeInstancesAfterBackupRestoration (7ms)
Platform modules already initialized, skipping
Refreshing native plugins compatible for Editor in 1.22 ms, found 3 plugins.
Preloading 0 native plugins for Editor in 0.00 ms.
Unloading 5447 Unused Serialized files (Serialized files now loaded: 0)
Unloading 31 unused Assets / (0.7 MB). Loaded Objects now: 6021.
Memory consumption went from 209.8 MB to 209.1 MB.
Total: 4.429000 ms (FindLiveObjects: 0.455600 ms CreateObjectMapping: 0.169300 ms MarkObjects: 3.425000 ms  DeleteObjects: 0.378000 ms)

AssetImportParameters requested are different than current active one (requested -> active):
  custom:video-decoder-ogg-theora: a1e56fd34408186e4bbccfd4996cb3dc -> 
  custom:container-muxer-webm: aa71ff27fc2769a1b78a27578f13a17b -> 
  custom:container-demuxer-webm: 4f35f7cbe854078d1ac9338744f61a02 -> 
  custom:video-encoder-webm-vp8: eb34c28f22e8b96e1ab97ce403110664 -> 
  custom:video-codec-MediaFoundation-h265: 746d11721c4dcdbdad8f713fa42b33f4 -> 
  custom:CustomObjectIndexerAttribute: 6b0e35c9178b02a6363f3721b7b8e397 -> 
  custom:audio-encoder-webm-vorbis: bf7c407c2cedff20999df2af8eb42d56 -> 
  custom:framework-win-MediaFoundation: 216162199b28c13a410421893ffa2e32 -> 
  custom:SearchIndexIgnoredProperties: e643bd26f0fe6173181afceb89e7c659 -> 
  custom:container-demuxer-ogg: 62fdf1f143b41e24485cea50d1cbac27 -> 
  custom:video-decoder-webm-vp8: 9c59270c3fd7afecdb556c50c9e8de78 -> 
  custom:audio-decoder-ogg-vorbis: bf7c407c2cedff20999df2af8eb42d56 -> 
========================================================================
Received Prepare
Registering precompiled user dll's ...
Registered in 0.013412 seconds.
Begin MonoManager ReloadAssembly
Native extension for WindowsStandalone target not found
Native extension for Android target not found
Refreshing native plugins compatible for Editor in 1.26 ms, found 3 plugins.
Preloading 0 native plugins for Editor in 0.00 ms.
[Package Manager] Server::EnsureServerProcessIsRunning -- launch failed, reason: Unity was launched with the -noUpm command-line argument
[Package Manager] Cannot connect to Unity Package Manager local server
Mono: successfully reloaded assembly
- Completed reload, in  1.759 seconds
Domain Reload Profiling:
	ReloadAssembly (1760ms)
		BeginReloadAssembly (146ms)
			ExecutionOrderSort (0ms)
			DisableScriptedObjects (4ms)
			BackupInstance (0ms)
			ReleaseScriptingObjects (0ms)
			CreateAndSetChildDomain (40ms)
		EndReloadAssembly (1507ms)
			LoadAssemblies (116ms)
			RebuildTransferFunctionScriptingTraits (0ms)
			SetupTypeCache (308ms)
			ReleaseScriptCaches (2ms)
			RebuildScriptCaches (50ms)
			SetupLoadedEditorAssemblies (1002ms)
				LogAssemblyErrors (0ms)
				InitializePlatformSupportModulesInManaged (23ms)
				SetLoadedEditorAssemblies (1ms)
				RefreshPlugins (1ms)
				BeforeProcessingInitializeOnLoad (74ms)
				ProcessInitializeOnLoadAttributes (817ms)
				ProcessInitializeOnLoadMethodAttributes (75ms)
				AfterProcessingInitializeOnLoad (12ms)
				EditorAssembliesLoaded (0ms)
			ExecutionOrderSort2 (0ms)
			AwakeInstancesAfterBackupRestoration (6ms)
Platform modules already initialized, skipping
Refreshing native plugins compatible for Editor in 1.27 ms, found 3 plugins.
Preloading 0 native plugins for Editor in 0.00 ms.
Unloading 5447 Unused Serialized files (Serialized files now loaded: 0)
Unloading 31 unused Assets / (0.7 MB). Loaded Objects now: 6024.
Memory consumption went from 209.8 MB to 209.1 MB.
Total: 5.702500 ms (FindLiveObjects: 0.794600 ms CreateObjectMapping: 0.368300 ms MarkObjects: 4.179900 ms  DeleteObjects: 0.358600 ms)

AssetImportParameters requested are different than current active one (requested -> active):
  custom:video-decoder-ogg-theora: a1e56fd34408186e4bbccfd4996cb3dc -> 
  custom:container-muxer-webm: aa71ff27fc2769a1b78a27578f13a17b -> 
  custom:container-demuxer-webm: 4f35f7cbe854078d1ac9338744f61a02 -> 
  custom:video-encoder-webm-vp8: eb34c28f22e8b96e1ab97ce403110664 -> 
  custom:video-codec-MediaFoundation-h265: 746d11721c4dcdbdad8f713fa42b33f4 -> 
  custom:CustomObjectIndexerAttribute: 6b0e35c9178b02a6363f3721b7b8e397 -> 
  custom:audio-encoder-webm-vorbis: bf7c407c2cedff20999df2af8eb42d56 -> 
  custom:framework-win-MediaFoundation: 216162199b28c13a410421893ffa2e32 -> 
  custom:SearchIndexIgnoredProperties: e643bd26f0fe6173181afceb89e7c659 -> 
  custom:container-demuxer-ogg: 62fdf1f143b41e24485cea50d1cbac27 -> 
  custom:video-decoder-webm-vp8: 9c59270c3fd7afecdb556c50c9e8de78 -> 
  custom:audio-decoder-ogg-vorbis: bf7c407c2cedff20999df2af8eb42d56 -> 
========================================================================
Received Prepare
Registering precompiled user dll's ...
Registered in 0.015547 seconds.
Begin MonoManager ReloadAssembly
Native extension for WindowsStandalone target not found
Native extension for Android target not found
Refreshing native plugins compatible for Editor in 1.33 ms, found 3 plugins.
Preloading 0 native plugins for Editor in 0.00 ms.
[Package Manager] Server::EnsureServerProcessIsRunning -- launch failed, reason: Unity was launched with the -noUpm command-line argument
[Package Manager] Cannot connect to Unity Package Manager local server
Mono: successfully reloaded assembly
- Completed reload, in  1.815 seconds
Domain Reload Profiling:
	ReloadAssembly (1816ms)
		BeginReloadAssembly (147ms)
			ExecutionOrderSort (0ms)
			DisableScriptedObjects (4ms)
			BackupInstance (0ms)
			ReleaseScriptingObjects (0ms)
			CreateAndSetChildDomain (42ms)
		EndReloadAssembly (1572ms)
			LoadAssemblies (114ms)
			RebuildTransferFunctionScriptingTraits (0ms)
			SetupTypeCache (310ms)
			ReleaseScriptCaches (2ms)
			RebuildScriptCaches (50ms)
			SetupLoadedEditorAssemblies (1067ms)
				LogAssemblyErrors (0ms)
				InitializePlatformSupportModulesInManaged (15ms)
				SetLoadedEditorAssemblies (0ms)
				RefreshPlugins (1ms)
				BeforeProcessingInitializeOnLoad (76ms)
				ProcessInitializeOnLoadAttributes (874ms)
				ProcessInitializeOnLoadMethodAttributes (85ms)
				AfterProcessingInitializeOnLoad (14ms)
				EditorAssembliesLoaded (0ms)
			ExecutionOrderSort2 (0ms)
			AwakeInstancesAfterBackupRestoration (6ms)
Platform modules already initialized, skipping
Refreshing native plugins compatible for Editor in 1.95 ms, found 3 plugins.
Preloading 0 native plugins for Editor in 0.00 ms.
Unloading 5447 Unused Serialized files (Serialized files now loaded: 0)
Unloading 31 unused Assets / (0.7 MB). Loaded Objects now: 6027.
Memory consumption went from 209.8 MB to 209.1 MB.
Total: 4.861800 ms (FindLiveObjects: 0.555500 ms CreateObjectMapping: 0.315600 ms MarkObjects: 3.560600 ms  DeleteObjects: 0.429000 ms)

AssetImportParameters requested are different than current active one (requested -> active):
  custom:video-decoder-ogg-theora: a1e56fd34408186e4bbccfd4996cb3dc -> 
  custom:container-muxer-webm: aa71ff27fc2769a1b78a27578f13a17b -> 
  custom:container-demuxer-webm: 4f35f7cbe854078d1ac9338744f61a02 -> 
  custom:video-encoder-webm-vp8: eb34c28f22e8b96e1ab97ce403110664 -> 
  custom:video-codec-MediaFoundation-h265: 746d11721c4dcdbdad8f713fa42b33f4 -> 
  custom:CustomObjectIndexerAttribute: 6b0e35c9178b02a6363f3721b7b8e397 -> 
  custom:audio-encoder-webm-vorbis: bf7c407c2cedff20999df2af8eb42d56 -> 
  custom:framework-win-MediaFoundation: 216162199b28c13a410421893ffa2e32 -> 
  custom:SearchIndexIgnoredProperties: e643bd26f0fe6173181afceb89e7c659 -> 
  custom:container-demuxer-ogg: 62fdf1f143b41e24485cea50d1cbac27 -> 
  custom:video-decoder-webm-vp8: 9c59270c3fd7afecdb556c50c9e8de78 -> 
  custom:audio-decoder-ogg-vorbis: bf7c407c2cedff20999df2af8eb42d56 -> 
========================================================================
Received Prepare
Registering precompiled user dll's ...
Registered in 0.012438 seconds.
Begin MonoManager ReloadAssembly
Native extension for WindowsStandalone target not found
Native extension for Android target not found
Refreshing native plugins compatible for Editor in 1.31 ms, found 3 plugins.
Preloading 0 native plugins for Editor in 0.00 ms.
[Package Manager] Server::EnsureServerProcessIsRunning -- launch failed, reason: Unity was launched with the -noUpm command-line argument
[Package Manager] Cannot connect to Unity Package Manager local server
Mono: successfully reloaded assembly
- Completed reload, in  1.771 seconds
Domain Reload Profiling:
	ReloadAssembly (1771ms)
		BeginReloadAssembly (149ms)
			ExecutionOrderSort (0ms)
			DisableScriptedObjects (4ms)
			BackupInstance (0ms)
			ReleaseScriptingObjects (0ms)
			CreateAndSetChildDomain (40ms)
		EndReloadAssembly (1513ms)
			LoadAssemblies (115ms)
			RebuildTransferFunctionScriptingTraits (0ms)
			SetupTypeCache (316ms)
			ReleaseScriptCaches (2ms)
			RebuildScriptCaches (50ms)
			SetupLoadedEditorAssemblies (1000ms)
				LogAssemblyErrors (0ms)
				InitializePlatformSupportModulesInManaged (16ms)
				SetLoadedEditorAssemblies (1ms)
				RefreshPlugins (1ms)
				BeforeProcessingInitializeOnLoad (77ms)
				ProcessInitializeOnLoadAttributes (816ms)
				ProcessInitializeOnLoadMethodAttributes (78ms)
				AfterProcessingInitializeOnLoad (11ms)
				EditorAssembliesLoaded (0ms)
			ExecutionOrderSort2 (0ms)
			AwakeInstancesAfterBackupRestoration (6ms)
Platform modules already initialized, skipping
Refreshing native plugins compatible for Editor in 1.98 ms, found 3 plugins.
Preloading 0 native plugins for Editor in 0.00 ms.
Unloading 5447 Unused Serialized files (Serialized files now loaded: 0)
Unloading 31 unused Assets / (0.7 MB). Loaded Objects now: 6030.
Memory consumption went from 209.8 MB to 209.1 MB.
Total: 4.287300 ms (FindLiveObjects: 0.468300 ms CreateObjectMapping: 0.222800 ms MarkObjects: 3.243800 ms  DeleteObjects: 0.351400 ms)

AssetImportParameters requested are different than current active one (requested -> active):
  custom:video-decoder-ogg-theora: a1e56fd34408186e4bbccfd4996cb3dc -> 
  custom:container-muxer-webm: aa71ff27fc2769a1b78a27578f13a17b -> 
  custom:container-demuxer-webm: 4f35f7cbe854078d1ac9338744f61a02 -> 
  custom:video-encoder-webm-vp8: eb34c28f22e8b96e1ab97ce403110664 -> 
  custom:video-codec-MediaFoundation-h265: 746d11721c4dcdbdad8f713fa42b33f4 -> 
  custom:CustomObjectIndexerAttribute: 6b0e35c9178b02a6363f3721b7b8e397 -> 
  custom:audio-encoder-webm-vorbis: bf7c407c2cedff20999df2af8eb42d56 -> 
  custom:framework-win-MediaFoundation: 216162199b28c13a410421893ffa2e32 -> 
  custom:SearchIndexIgnoredProperties: e643bd26f0fe6173181afceb89e7c659 -> 
  custom:container-demuxer-ogg: 62fdf1f143b41e24485cea50d1cbac27 -> 
  custom:video-decoder-webm-vp8: 9c59270c3fd7afecdb556c50c9e8de78 -> 
  custom:audio-decoder-ogg-vorbis: bf7c407c2cedff20999df2af8eb42d56 -> 
